<?xml version="1.0" encoding="UTF-8"?>
<testsuites name="Maintenance" time="490.066" tests="10" failures="0" errors="0">
   <testsuite name="Maintenance" tests="10" failures="0" errors="0" time="490.066" timestamp="2020-02-27 10:54:00" hostname="Yogi Moch Nur - DESKTOP-DB1MUI4" id="Test Suites/Maintenance">
      <properties>
         <property name="deviceName" value=""/>
         <property name="devicePlatform" value=""/>
         <property name="logFolder" value="C:\\Users\\Yogi Moch Nur\\git\\katalonbik\\Reports\\20200227_105356\\Maintenance\\20200227_105356"/>
         <property name="logFiles" value="C:\\Users\\Yogi Moch Nur\\git\\katalonbik\\Reports\\20200227_105356\\Maintenance\\20200227_105356\\execution0.log"/>
         <property name="attachments" value=""/>
         <property name="hostName" value="Yogi Moch Nur - DESKTOP-DB1MUI4"/>
         <property name="os" value="Windows 10 64bit"/>
         <property name="katalonVersion" value="7.2.1.1"/>
         <property name="browser" value="Firefox 73.0"/>
         <property name="hostAddress" value="192.168.43.160"/>
         <property name="sessionId" value="36982862-ed08-4314-8350-edc3db6f85a4"/>
         <property name="seleniumVersion" value="3.141.59"/>
         <property name="proxyInformation" value="ProxyInformation{proxyOption=NO_PROXY, proxyServerType=HTTP, password=, proxyServerAddress=, proxyServerPort=0, executionList=}"/>
         <property name="platform" value="Windows 10"/>
      </properties>
      <testcase name="Test Cases/Maintenance 1" time="51.395" classname="Test Cases/Maintenance 1" status="PASSED">
         <system-out><![CDATA[2020-02-27 10:54:00 - [TEST_CASE][PASSED] - Test Cases/Maintenance 1: Test Cases/Maintenance 1

2020-02-27 10:54:01 - [TEST_STEP][PASSED] - openBrowser(""): Browser is opened with url: ''

2020-02-27 10:54:01 - [MESSAGE][INFO] - Starting 'Firefox' driver

2020-02-27 10:54:01 - [MESSAGE][INFO] - Action delay is set to 0 seconds

2020-02-27 10:54:10 - [MESSAGE][PASSED] - Browser is opened with url: ''

2020-02-27 10:54:10 - [TEST_STEP][PASSED] - navigateToUrl("https://twitter.com"): Navigate to 'https://twitter.com' successfully

2020-02-27 10:54:15 - [MESSAGE][PASSED] - Navigate to 'https://twitter.com' successfully

2020-02-27 10:54:15 - [TEST_STEP][PASSED] - delay(5): Delayed 5 second(s)

2020-02-27 10:54:20 - [MESSAGE][PASSED] - Delayed 5 second(s)

2020-02-27 10:54:20 - [TEST_STEP][PASSED] - click(findTestObject("Maintenance/Halaman Awal/div_Log in")): Object: 'Object Repository/Maintenance/Halaman Awal/div_Log in' is clicked on

2020-02-27 10:54:21 - [MESSAGE][PASSED] - Object: 'Object Repository/Maintenance/Halaman Awal/div_Log in' is clicked on

2020-02-27 10:54:21 - [TEST_STEP][PASSED] - setText(findTestObject("Maintenance/Halaman Login/input_Phone email or username_sessionusername_or_email"), Username): Text 'jeromepolinnnn' is set on object 'Object Repository/Maintenance/Halaman Login/input_Phone email or username_sessionusername_or_email'

2020-02-27 10:54:22 - [MESSAGE][PASSED] - Text 'jeromepolinnnn' is set on object 'Object Repository/Maintenance/Halaman Login/input_Phone email or username_sessionusername_or_email'

2020-02-27 10:54:22 - [TEST_STEP][PASSED] - setText(findTestObject("Maintenance/Halaman Login/input_Password_sessionpassword"), Password): Text 'indraramdan123' is set on object 'Object Repository/Maintenance/Halaman Login/input_Password_sessionpassword'

2020-02-27 10:54:23 - [MESSAGE][PASSED] - Text 'indraramdan123' is set on object 'Object Repository/Maintenance/Halaman Login/input_Password_sessionpassword'

2020-02-27 10:54:23 - [TEST_STEP][PASSED] - click(findTestObject("Maintenance/Halaman Login/div_Log in")): Object: 'Object Repository/Maintenance/Halaman Login/div_Log in' is clicked on

2020-02-27 10:54:26 - [MESSAGE][PASSED] - Object: 'Object Repository/Maintenance/Halaman Login/div_Log in' is clicked on

2020-02-27 10:54:26 - [TEST_STEP][PASSED] - delay(10): Delayed 10 second(s)

2020-02-27 10:54:36 - [MESSAGE][PASSED] - Delayed 10 second(s)

2020-02-27 10:54:36 - [TEST_STEP][NOT_RUN] - scrollToPosition(0, 9): NOT_RUN: scrollToPosition(0, 9)

2020-02-27 10:54:36 - [MESSAGE][NOT_RUN] - NOT_RUN: scrollToPosition(0, 9)

2020-02-27 10:54:36 - [TEST_STEP][NOT_RUN] - delay(10): NOT_RUN: delay(10)

2020-02-27 10:54:36 - [MESSAGE][NOT_RUN] - NOT_RUN: delay(10)

2020-02-27 10:54:36 - [TEST_STEP][NOT_RUN] - scrollToPosition(0, 99): NOT_RUN: scrollToPosition(0, 99)

2020-02-27 10:54:36 - [MESSAGE][NOT_RUN] - NOT_RUN: scrollToPosition(0, 99)

2020-02-27 10:54:36 - [TEST_STEP][NOT_RUN] - delay(10): NOT_RUN: delay(10)

2020-02-27 10:54:36 - [MESSAGE][NOT_RUN] - NOT_RUN: delay(10)

2020-02-27 10:54:36 - [TEST_STEP][NOT_RUN] - scrollToPosition(0, 999): NOT_RUN: scrollToPosition(0, 999)

2020-02-27 10:54:36 - [MESSAGE][NOT_RUN] - NOT_RUN: scrollToPosition(0, 999)

2020-02-27 10:54:36 - [TEST_STEP][NOT_RUN] - delay(10): NOT_RUN: delay(10)

2020-02-27 10:54:36 - [MESSAGE][NOT_RUN] - NOT_RUN: delay(10)

2020-02-27 10:54:36 - [TEST_STEP][NOT_RUN] - scrollToPosition(0, 9999): NOT_RUN: scrollToPosition(0, 9999)

2020-02-27 10:54:36 - [MESSAGE][NOT_RUN] - NOT_RUN: scrollToPosition(0, 9999)

2020-02-27 10:54:36 - [TEST_STEP][NOT_RUN] - scrollToPosition(0, 0): NOT_RUN: scrollToPosition(0, 0)

2020-02-27 10:54:36 - [MESSAGE][NOT_RUN] - NOT_RUN: scrollToPosition(0, 0)

2020-02-27 10:54:36 - [TEST_STEP][NOT_RUN] - delay(5): NOT_RUN: delay(5)

2020-02-27 10:54:36 - [MESSAGE][NOT_RUN] - NOT_RUN: delay(5)

2020-02-27 10:54:36 - [TEST_STEP][NOT_RUN] - setText(findTestObject("Maintenance/Search Mutualan"), "mutualan rt"): NOT_RUN: setText(findTestObject("Maintenance/Search Mutualan"), "mutualan rt")

2020-02-27 10:54:36 - [MESSAGE][NOT_RUN] - NOT_RUN: setText(findTestObject("Maintenance/Search Mutualan"), "mutualan rt")

2020-02-27 10:54:36 - [TEST_STEP][NOT_RUN] - delay(5): NOT_RUN: delay(5)

2020-02-27 10:54:36 - [MESSAGE][NOT_RUN] - NOT_RUN: delay(5)

2020-02-27 10:54:36 - [TEST_STEP][NOT_RUN] - click(findTestObject("Maintenance/Klik Span Mutualan RT"), STOP_ON_FAILURE): NOT_RUN: click(findTestObject("Maintenance/Klik Span Mutualan RT"), STOP_ON_FAILURE)

2020-02-27 10:54:36 - [MESSAGE][NOT_RUN] - NOT_RUN: click(findTestObject("Maintenance/Klik Span Mutualan RT"), STOP_ON_FAILURE)

2020-02-27 10:54:36 - [TEST_STEP][NOT_RUN] - delay(20): NOT_RUN: delay(20)

2020-02-27 10:54:36 - [MESSAGE][NOT_RUN] - NOT_RUN: delay(20)

2020-02-27 10:54:36 - [TEST_STEP][NOT_RUN] - click(findTestObject("Maintenance/Klik Tweet Pertama Mutualan")): NOT_RUN: click(findTestObject("Maintenance/Klik Tweet Pertama Mutualan"))

2020-02-27 10:54:36 - [MESSAGE][NOT_RUN] - NOT_RUN: click(findTestObject("Maintenance/Klik Tweet Pertama Mutualan"))

2020-02-27 10:54:36 - [TEST_STEP][NOT_RUN] - delay(10): NOT_RUN: delay(10)

2020-02-27 10:54:36 - [MESSAGE][NOT_RUN] - NOT_RUN: delay(10)

2020-02-27 10:54:36 - [TEST_STEP][NOT_RUN] - click(findTestObject("Maintenance/Klik Retweet")): NOT_RUN: click(findTestObject("Maintenance/Klik Retweet"))

2020-02-27 10:54:36 - [MESSAGE][NOT_RUN] - NOT_RUN: click(findTestObject("Maintenance/Klik Retweet"))

2020-02-27 10:54:36 - [TEST_STEP][NOT_RUN] - delay(10): NOT_RUN: delay(10)

2020-02-27 10:54:36 - [MESSAGE][NOT_RUN] - NOT_RUN: delay(10)

2020-02-27 10:54:36 - [TEST_STEP][NOT_RUN] - click(findTestObject("Maintenance/Follow 1")): NOT_RUN: click(findTestObject("Maintenance/Follow 1"))

2020-02-27 10:54:36 - [MESSAGE][NOT_RUN] - NOT_RUN: click(findTestObject("Maintenance/Follow 1"))

2020-02-27 10:54:36 - [TEST_STEP][NOT_RUN] - delay(10): NOT_RUN: delay(10)

2020-02-27 10:54:36 - [MESSAGE][NOT_RUN] - NOT_RUN: delay(10)

2020-02-27 10:54:36 - [TEST_STEP][NOT_RUN] - click(findTestObject("Maintenance/Follow 2")): NOT_RUN: click(findTestObject("Maintenance/Follow 2"))

2020-02-27 10:54:36 - [MESSAGE][NOT_RUN] - NOT_RUN: click(findTestObject("Maintenance/Follow 2"))

2020-02-27 10:54:36 - [TEST_STEP][NOT_RUN] - delay(20): NOT_RUN: delay(20)

2020-02-27 10:54:36 - [MESSAGE][NOT_RUN] - NOT_RUN: delay(20)

2020-02-27 10:54:36 - [TEST_STEP][NOT_RUN] - click(findTestObject("Maintenance/Follow 3")): NOT_RUN: click(findTestObject("Maintenance/Follow 3"))

2020-02-27 10:54:36 - [MESSAGE][NOT_RUN] - NOT_RUN: click(findTestObject("Maintenance/Follow 3"))

2020-02-27 10:54:36 - [TEST_STEP][NOT_RUN] - delay(15): NOT_RUN: delay(15)

2020-02-27 10:54:36 - [MESSAGE][NOT_RUN] - NOT_RUN: delay(15)

2020-02-27 10:54:36 - [TEST_STEP][NOT_RUN] - click(findTestObject("Maintenance/Follow 4")): NOT_RUN: click(findTestObject("Maintenance/Follow 4"))

2020-02-27 10:54:36 - [MESSAGE][NOT_RUN] - NOT_RUN: click(findTestObject("Maintenance/Follow 4"))

2020-02-27 10:54:36 - [TEST_STEP][NOT_RUN] - delay(10): NOT_RUN: delay(10)

2020-02-27 10:54:36 - [MESSAGE][NOT_RUN] - NOT_RUN: delay(10)

2020-02-27 10:54:36 - [TEST_STEP][NOT_RUN] - click(findTestObject("Maintenance/Follow 5")): NOT_RUN: click(findTestObject("Maintenance/Follow 5"))

2020-02-27 10:54:36 - [MESSAGE][NOT_RUN] - NOT_RUN: click(findTestObject("Maintenance/Follow 5"))

2020-02-27 10:54:36 - [TEST_STEP][NOT_RUN] - delay(15): NOT_RUN: delay(15)

2020-02-27 10:54:36 - [MESSAGE][NOT_RUN] - NOT_RUN: delay(15)

2020-02-27 10:54:36 - [TEST_STEP][NOT_RUN] - click(findTestObject("Maintenance/Button Close")): NOT_RUN: click(findTestObject("Maintenance/Button Close"))

2020-02-27 10:54:36 - [MESSAGE][NOT_RUN] - NOT_RUN: click(findTestObject("Maintenance/Button Close"))

2020-02-27 10:54:36 - [TEST_STEP][NOT_RUN] - delay(5): NOT_RUN: delay(5)

2020-02-27 10:54:36 - [MESSAGE][NOT_RUN] - NOT_RUN: delay(5)

2020-02-27 10:54:36 - [TEST_STEP][NOT_RUN] - click(findTestObject("Maintenance/Button Home")): NOT_RUN: click(findTestObject("Maintenance/Button Home"))

2020-02-27 10:54:36 - [MESSAGE][NOT_RUN] - NOT_RUN: click(findTestObject("Maintenance/Button Home"))

2020-02-27 10:54:36 - [TEST_STEP][NOT_RUN] - delay(10): NOT_RUN: delay(10)

2020-02-27 10:54:36 - [MESSAGE][NOT_RUN] - NOT_RUN: delay(10)

2020-02-27 10:54:36 - [TEST_STEP][NOT_RUN] - click(findTestObject("Maintenance/Button Explore")): NOT_RUN: click(findTestObject("Maintenance/Button Explore"))

2020-02-27 10:54:36 - [MESSAGE][NOT_RUN] - NOT_RUN: click(findTestObject("Maintenance/Button Explore"))

2020-02-27 10:54:36 - [TEST_STEP][NOT_RUN] - delay(5): NOT_RUN: delay(5)

2020-02-27 10:54:36 - [MESSAGE][NOT_RUN] - NOT_RUN: delay(5)

2020-02-27 10:54:36 - [TEST_STEP][NOT_RUN] - click(findTestObject("Maintenance/Show More Hastag")): NOT_RUN: click(findTestObject("Maintenance/Show More Hastag"))

2020-02-27 10:54:36 - [MESSAGE][NOT_RUN] - NOT_RUN: click(findTestObject("Maintenance/Show More Hastag"))

2020-02-27 10:54:36 - [TEST_STEP][NOT_RUN] - delay(10): NOT_RUN: delay(10)

2020-02-27 10:54:36 - [MESSAGE][NOT_RUN] - NOT_RUN: delay(10)

2020-02-27 10:54:36 - [TEST_STEP][NOT_RUN] - scrollToPosition(0, 9): NOT_RUN: scrollToPosition(0, 9)

2020-02-27 10:54:36 - [MESSAGE][NOT_RUN] - NOT_RUN: scrollToPosition(0, 9)

2020-02-27 10:54:36 - [TEST_STEP][NOT_RUN] - delay(10): NOT_RUN: delay(10)

2020-02-27 10:54:36 - [MESSAGE][NOT_RUN] - NOT_RUN: delay(10)

2020-02-27 10:54:36 - [TEST_STEP][NOT_RUN] - scrollToPosition(0, 99): NOT_RUN: scrollToPosition(0, 99)

2020-02-27 10:54:36 - [MESSAGE][NOT_RUN] - NOT_RUN: scrollToPosition(0, 99)

2020-02-27 10:54:36 - [TEST_STEP][NOT_RUN] - delay(10): NOT_RUN: delay(10)

2020-02-27 10:54:36 - [MESSAGE][NOT_RUN] - NOT_RUN: delay(10)

2020-02-27 10:54:36 - [TEST_STEP][NOT_RUN] - scrollToPosition(0, 999): NOT_RUN: scrollToPosition(0, 999)

2020-02-27 10:54:36 - [MESSAGE][NOT_RUN] - NOT_RUN: scrollToPosition(0, 999)

2020-02-27 10:54:36 - [TEST_STEP][NOT_RUN] - delay(10): NOT_RUN: delay(10)

2020-02-27 10:54:36 - [MESSAGE][NOT_RUN] - NOT_RUN: delay(10)

2020-02-27 10:54:36 - [TEST_STEP][NOT_RUN] - scrollToPosition(0, 9999): NOT_RUN: scrollToPosition(0, 9999)

2020-02-27 10:54:36 - [MESSAGE][NOT_RUN] - NOT_RUN: scrollToPosition(0, 9999)

2020-02-27 10:54:36 - [TEST_STEP][NOT_RUN] - scrollToPosition(0, 0): NOT_RUN: scrollToPosition(0, 0)

2020-02-27 10:54:36 - [MESSAGE][NOT_RUN] - NOT_RUN: scrollToPosition(0, 0)

2020-02-27 10:54:36 - [TEST_STEP][NOT_RUN] - delay(5): NOT_RUN: delay(5)

2020-02-27 10:54:36 - [MESSAGE][NOT_RUN] - NOT_RUN: delay(5)

2020-02-27 10:54:36 - [TEST_STEP][NOT_RUN] - click(findTestObject("Maintenance/Button Notifikasi")): NOT_RUN: click(findTestObject("Maintenance/Button Notifikasi"))

2020-02-27 10:54:36 - [MESSAGE][NOT_RUN] - NOT_RUN: click(findTestObject("Maintenance/Button Notifikasi"))

2020-02-27 10:54:36 - [TEST_STEP][NOT_RUN] - delay(10): NOT_RUN: delay(10)

2020-02-27 10:54:36 - [MESSAGE][NOT_RUN] - NOT_RUN: delay(10)

2020-02-27 10:54:36 - [TEST_STEP][NOT_RUN] - click(findTestObject("Maintenance/Notification Mention")): NOT_RUN: click(findTestObject("Maintenance/Notification Mention"))

2020-02-27 10:54:36 - [MESSAGE][NOT_RUN] - NOT_RUN: click(findTestObject("Maintenance/Notification Mention"))

2020-02-27 10:54:36 - [TEST_STEP][NOT_RUN] - delay(10): NOT_RUN: delay(10)

2020-02-27 10:54:36 - [MESSAGE][NOT_RUN] - NOT_RUN: delay(10)

2020-02-27 10:54:36 - [TEST_STEP][NOT_RUN] - click(findTestObject("Maintenance/Button Message")): NOT_RUN: click(findTestObject("Maintenance/Button Message"))

2020-02-27 10:54:36 - [MESSAGE][NOT_RUN] - NOT_RUN: click(findTestObject("Maintenance/Button Message"))

2020-02-27 10:54:36 - [TEST_STEP][NOT_RUN] - delay(10): NOT_RUN: delay(10)

2020-02-27 10:54:36 - [MESSAGE][NOT_RUN] - NOT_RUN: delay(10)

2020-02-27 10:54:36 - [TEST_STEP][NOT_RUN] - click(findTestObject("Maintenance/Button List")): NOT_RUN: click(findTestObject("Maintenance/Button List"))

2020-02-27 10:54:36 - [MESSAGE][NOT_RUN] - NOT_RUN: click(findTestObject("Maintenance/Button List"))

2020-02-27 10:54:36 - [TEST_STEP][NOT_RUN] - delay(10): NOT_RUN: delay(10)

2020-02-27 10:54:36 - [MESSAGE][NOT_RUN] - NOT_RUN: delay(10)

2020-02-27 10:54:36 - [TEST_STEP][NOT_RUN] - click(findTestObject("Maintenance/List Subscribed")): NOT_RUN: click(findTestObject("Maintenance/List Subscribed"))

2020-02-27 10:54:36 - [MESSAGE][NOT_RUN] - NOT_RUN: click(findTestObject("Maintenance/List Subscribed"))

2020-02-27 10:54:36 - [TEST_STEP][NOT_RUN] - delay(10): NOT_RUN: delay(10)

2020-02-27 10:54:36 - [MESSAGE][NOT_RUN] - NOT_RUN: delay(10)

2020-02-27 10:54:36 - [TEST_STEP][NOT_RUN] - click(findTestObject("Maintenance/List Member")): NOT_RUN: click(findTestObject("Maintenance/List Member"))

2020-02-27 10:54:36 - [MESSAGE][NOT_RUN] - NOT_RUN: click(findTestObject("Maintenance/List Member"))

2020-02-27 10:54:36 - [TEST_STEP][NOT_RUN] - delay(10): NOT_RUN: delay(10)

2020-02-27 10:54:36 - [MESSAGE][NOT_RUN] - NOT_RUN: delay(10)

2020-02-27 10:54:36 - [TEST_STEP][NOT_RUN] - click(findTestObject("Maintenance/Button Profile")): NOT_RUN: click(findTestObject("Maintenance/Button Profile"))

2020-02-27 10:54:36 - [MESSAGE][NOT_RUN] - NOT_RUN: click(findTestObject("Maintenance/Button Profile"))

2020-02-27 10:54:36 - [TEST_STEP][NOT_RUN] - delay(10): NOT_RUN: delay(10)

2020-02-27 10:54:36 - [MESSAGE][NOT_RUN] - NOT_RUN: delay(10)

2020-02-27 10:54:36 - [TEST_STEP][NOT_RUN] - click(findTestObject("Maintenance/Tweet and Replies")): NOT_RUN: click(findTestObject("Maintenance/Tweet and Replies"))

2020-02-27 10:54:36 - [MESSAGE][NOT_RUN] - NOT_RUN: click(findTestObject("Maintenance/Tweet and Replies"))

2020-02-27 10:54:36 - [TEST_STEP][NOT_RUN] - delay(10): NOT_RUN: delay(10)

2020-02-27 10:54:36 - [MESSAGE][NOT_RUN] - NOT_RUN: delay(10)

2020-02-27 10:54:36 - [TEST_STEP][NOT_RUN] - click(findTestObject("Maintenance/Profile - Media")): NOT_RUN: click(findTestObject("Maintenance/Profile - Media"))

2020-02-27 10:54:36 - [MESSAGE][NOT_RUN] - NOT_RUN: click(findTestObject("Maintenance/Profile - Media"))

2020-02-27 10:54:36 - [TEST_STEP][NOT_RUN] - delay(10): NOT_RUN: delay(10)

2020-02-27 10:54:36 - [MESSAGE][NOT_RUN] - NOT_RUN: delay(10)

2020-02-27 10:54:36 - [TEST_STEP][NOT_RUN] - click(findTestObject("Maintenance/Profile - Likes")): NOT_RUN: click(findTestObject("Maintenance/Profile - Likes"))

2020-02-27 10:54:36 - [MESSAGE][NOT_RUN] - NOT_RUN: click(findTestObject("Maintenance/Profile - Likes"))

2020-02-27 10:54:36 - [TEST_STEP][NOT_RUN] - delay(10): NOT_RUN: delay(10)

2020-02-27 10:54:36 - [MESSAGE][NOT_RUN] - NOT_RUN: delay(10)

2020-02-27 10:54:36 - [TEST_STEP][NOT_RUN] - click(findTestObject("Maintenance/Button Home")): NOT_RUN: click(findTestObject("Maintenance/Button Home"))

2020-02-27 10:54:36 - [MESSAGE][NOT_RUN] - NOT_RUN: click(findTestObject("Maintenance/Button Home"))

2020-02-27 10:54:36 - [TEST_STEP][NOT_RUN] - delay(10): NOT_RUN: delay(10)

2020-02-27 10:54:36 - [MESSAGE][NOT_RUN] - NOT_RUN: delay(10)

2020-02-27 10:54:36 - [TEST_STEP][NOT_RUN] - click(findTestObject("Maintenance/Logout/div_Selengkapnya")): NOT_RUN: click(findTestObject("Maintenance/Logout/div_Selengkapnya"))

2020-02-27 10:54:36 - [MESSAGE][NOT_RUN] - NOT_RUN: click(findTestObject("Maintenance/Logout/div_Selengkapnya"))

2020-02-27 10:54:36 - [TEST_STEP][NOT_RUN] - click(findTestObject("Maintenance/Setting and Privacy")): NOT_RUN: click(findTestObject("Maintenance/Setting and Privacy"))

2020-02-27 10:54:36 - [MESSAGE][NOT_RUN] - NOT_RUN: click(findTestObject("Maintenance/Setting and Privacy"))

2020-02-27 10:54:36 - [TEST_STEP][NOT_RUN] - delay(10): NOT_RUN: delay(10)

2020-02-27 10:54:36 - [MESSAGE][NOT_RUN] - NOT_RUN: delay(10)

2020-02-27 10:54:36 - [TEST_STEP][NOT_RUN] - click(findTestObject("Maintenance/Setting - Privacy and safety")): NOT_RUN: click(findTestObject("Maintenance/Setting - Privacy and safety"))

2020-02-27 10:54:36 - [MESSAGE][NOT_RUN] - NOT_RUN: click(findTestObject("Maintenance/Setting - Privacy and safety"))

2020-02-27 10:54:36 - [TEST_STEP][NOT_RUN] - delay(10): NOT_RUN: delay(10)

2020-02-27 10:54:36 - [MESSAGE][NOT_RUN] - NOT_RUN: delay(10)

2020-02-27 10:54:36 - [TEST_STEP][NOT_RUN] - click(findTestObject("Maintenance/Setting - Notification")): NOT_RUN: click(findTestObject("Maintenance/Setting - Notification"))

2020-02-27 10:54:36 - [MESSAGE][NOT_RUN] - NOT_RUN: click(findTestObject("Maintenance/Setting - Notification"))

2020-02-27 10:54:36 - [TEST_STEP][NOT_RUN] - delay(10): NOT_RUN: delay(10)

2020-02-27 10:54:36 - [MESSAGE][NOT_RUN] - NOT_RUN: delay(10)

2020-02-27 10:54:36 - [TEST_STEP][NOT_RUN] - click(findTestObject("Maintenance/Setting - Content preferences")): NOT_RUN: click(findTestObject("Maintenance/Setting - Content preferences"))

2020-02-27 10:54:36 - [MESSAGE][NOT_RUN] - NOT_RUN: click(findTestObject("Maintenance/Setting - Content preferences"))

2020-02-27 10:54:36 - [TEST_STEP][NOT_RUN] - delay(10): NOT_RUN: delay(10)

2020-02-27 10:54:36 - [MESSAGE][NOT_RUN] - NOT_RUN: delay(10)

2020-02-27 10:54:36 - [TEST_STEP][NOT_RUN] - click(findTestObject("Maintenance/Setting - Display")): NOT_RUN: click(findTestObject("Maintenance/Setting - Display"))

2020-02-27 10:54:36 - [MESSAGE][NOT_RUN] - NOT_RUN: click(findTestObject("Maintenance/Setting - Display"))

2020-02-27 10:54:36 - [TEST_STEP][NOT_RUN] - delay(10): NOT_RUN: delay(10)

2020-02-27 10:54:36 - [MESSAGE][NOT_RUN] - NOT_RUN: delay(10)

2020-02-27 10:54:36 - [TEST_STEP][NOT_RUN] - click(findTestObject("Maintenance/Setting - Data Usage")): NOT_RUN: click(findTestObject("Maintenance/Setting - Data Usage"))

2020-02-27 10:54:36 - [MESSAGE][NOT_RUN] - NOT_RUN: click(findTestObject("Maintenance/Setting - Data Usage"))

2020-02-27 10:54:36 - [TEST_STEP][NOT_RUN] - delay(10): NOT_RUN: delay(10)

2020-02-27 10:54:36 - [MESSAGE][NOT_RUN] - NOT_RUN: delay(10)

2020-02-27 10:54:36 - [TEST_STEP][NOT_RUN] - click(findTestObject("Maintenance/Setting - Accessibility")): NOT_RUN: click(findTestObject("Maintenance/Setting - Accessibility"))

2020-02-27 10:54:36 - [MESSAGE][NOT_RUN] - NOT_RUN: click(findTestObject("Maintenance/Setting - Accessibility"))

2020-02-27 10:54:36 - [TEST_STEP][NOT_RUN] - delay(10): NOT_RUN: delay(10)

2020-02-27 10:54:36 - [MESSAGE][NOT_RUN] - NOT_RUN: delay(10)

2020-02-27 10:54:36 - [TEST_STEP][NOT_RUN] - click(findTestObject("Maintenance/Setting - About Twitter")): NOT_RUN: click(findTestObject("Maintenance/Setting - About Twitter"))

2020-02-27 10:54:36 - [MESSAGE][NOT_RUN] - NOT_RUN: click(findTestObject("Maintenance/Setting - About Twitter"))

2020-02-27 10:54:36 - [TEST_STEP][NOT_RUN] - delay(10): NOT_RUN: delay(10)

2020-02-27 10:54:36 - [MESSAGE][NOT_RUN] - NOT_RUN: delay(10)

2020-02-27 10:54:36 - [TEST_STEP][NOT_RUN] - click(findTestObject("Maintenance/Button Home")): NOT_RUN: click(findTestObject("Maintenance/Button Home"))

2020-02-27 10:54:36 - [MESSAGE][NOT_RUN] - NOT_RUN: click(findTestObject("Maintenance/Button Home"))

2020-02-27 10:54:36 - [TEST_STEP][NOT_RUN] - delay(15): NOT_RUN: delay(15)

2020-02-27 10:54:36 - [MESSAGE][NOT_RUN] - NOT_RUN: delay(15)

2020-02-27 10:54:36 - [TEST_STEP][PASSED] - click(findTestObject("Maintenance/Logout/div_Selengkapnya")): Object: 'Object Repository/Maintenance/Logout/div_Selengkapnya' is clicked on

2020-02-27 10:54:37 - [MESSAGE][PASSED] - Object: 'Object Repository/Maintenance/Logout/div_Selengkapnya' is clicked on

2020-02-27 10:54:37 - [TEST_STEP][PASSED] - delay(5): Delayed 5 second(s)

2020-02-27 10:54:42 - [MESSAGE][PASSED] - Delayed 5 second(s)

2020-02-27 10:54:42 - [TEST_STEP][PASSED] - click(findTestObject("Maintenance/Keluar/div_Keluar")): Object: 'Object Repository/Maintenance/Keluar/div_Keluar' is clicked on

2020-02-27 10:54:43 - [MESSAGE][PASSED] - Object: 'Object Repository/Maintenance/Keluar/div_Keluar' is clicked on

2020-02-27 10:54:43 - [TEST_STEP][PASSED] - closeBrowser(): Browser is closed

2020-02-27 10:54:51 - [MESSAGE][PASSED] - Browser is closed]]></system-out>
         <system-err><![CDATA[]]></system-err>
      </testcase>
      <testcase name="Test Cases/Maintenance 1" time="47.768" classname="Test Cases/Maintenance 1" status="PASSED">
         <system-out><![CDATA[2020-02-27 10:54:51 - [TEST_CASE][PASSED] - Test Cases/Maintenance 1: Test Cases/Maintenance 1

2020-02-27 10:54:52 - [TEST_STEP][PASSED] - openBrowser(""): Browser is opened with url: ''

2020-02-27 10:54:52 - [MESSAGE][INFO] - Starting 'Firefox' driver

2020-02-27 10:54:58 - [MESSAGE][PASSED] - Browser is opened with url: ''

2020-02-27 10:54:58 - [TEST_STEP][PASSED] - navigateToUrl("https://twitter.com"): Navigate to 'https://twitter.com' successfully

2020-02-27 10:55:03 - [MESSAGE][PASSED] - Navigate to 'https://twitter.com' successfully

2020-02-27 10:55:03 - [TEST_STEP][PASSED] - delay(5): Delayed 5 second(s)

2020-02-27 10:55:08 - [MESSAGE][PASSED] - Delayed 5 second(s)

2020-02-27 10:55:08 - [TEST_STEP][PASSED] - click(findTestObject("Maintenance/Halaman Awal/div_Log in")): Object: 'Object Repository/Maintenance/Halaman Awal/div_Log in' is clicked on

2020-02-27 10:55:09 - [MESSAGE][PASSED] - Object: 'Object Repository/Maintenance/Halaman Awal/div_Log in' is clicked on

2020-02-27 10:55:09 - [TEST_STEP][PASSED] - setText(findTestObject("Maintenance/Halaman Login/input_Phone email or username_sessionusername_or_email"), Username): Text 'mizinkoma' is set on object 'Object Repository/Maintenance/Halaman Login/input_Phone email or username_sessionusername_or_email'

2020-02-27 10:55:10 - [MESSAGE][PASSED] - Text 'mizinkoma' is set on object 'Object Repository/Maintenance/Halaman Login/input_Phone email or username_sessionusername_or_email'

2020-02-27 10:55:10 - [TEST_STEP][PASSED] - setText(findTestObject("Maintenance/Halaman Login/input_Password_sessionpassword"), Password): Text 'indraramdan123' is set on object 'Object Repository/Maintenance/Halaman Login/input_Password_sessionpassword'

2020-02-27 10:55:11 - [MESSAGE][PASSED] - Text 'indraramdan123' is set on object 'Object Repository/Maintenance/Halaman Login/input_Password_sessionpassword'

2020-02-27 10:55:11 - [TEST_STEP][PASSED] - click(findTestObject("Maintenance/Halaman Login/div_Log in")): Object: 'Object Repository/Maintenance/Halaman Login/div_Log in' is clicked on

2020-02-27 10:55:14 - [MESSAGE][PASSED] - Object: 'Object Repository/Maintenance/Halaman Login/div_Log in' is clicked on

2020-02-27 10:55:14 - [TEST_STEP][PASSED] - delay(10): Delayed 10 second(s)

2020-02-27 10:55:24 - [MESSAGE][PASSED] - Delayed 10 second(s)

2020-02-27 10:55:24 - [TEST_STEP][NOT_RUN] - scrollToPosition(0, 9): NOT_RUN: scrollToPosition(0, 9)

2020-02-27 10:55:24 - [MESSAGE][NOT_RUN] - NOT_RUN: scrollToPosition(0, 9)

2020-02-27 10:55:24 - [TEST_STEP][NOT_RUN] - delay(10): NOT_RUN: delay(10)

2020-02-27 10:55:24 - [MESSAGE][NOT_RUN] - NOT_RUN: delay(10)

2020-02-27 10:55:24 - [TEST_STEP][NOT_RUN] - scrollToPosition(0, 99): NOT_RUN: scrollToPosition(0, 99)

2020-02-27 10:55:24 - [MESSAGE][NOT_RUN] - NOT_RUN: scrollToPosition(0, 99)

2020-02-27 10:55:24 - [TEST_STEP][NOT_RUN] - delay(10): NOT_RUN: delay(10)

2020-02-27 10:55:24 - [MESSAGE][NOT_RUN] - NOT_RUN: delay(10)

2020-02-27 10:55:24 - [TEST_STEP][NOT_RUN] - scrollToPosition(0, 999): NOT_RUN: scrollToPosition(0, 999)

2020-02-27 10:55:24 - [MESSAGE][NOT_RUN] - NOT_RUN: scrollToPosition(0, 999)

2020-02-27 10:55:24 - [TEST_STEP][NOT_RUN] - delay(10): NOT_RUN: delay(10)

2020-02-27 10:55:24 - [MESSAGE][NOT_RUN] - NOT_RUN: delay(10)

2020-02-27 10:55:24 - [TEST_STEP][NOT_RUN] - scrollToPosition(0, 9999): NOT_RUN: scrollToPosition(0, 9999)

2020-02-27 10:55:24 - [MESSAGE][NOT_RUN] - NOT_RUN: scrollToPosition(0, 9999)

2020-02-27 10:55:24 - [TEST_STEP][NOT_RUN] - scrollToPosition(0, 0): NOT_RUN: scrollToPosition(0, 0)

2020-02-27 10:55:24 - [MESSAGE][NOT_RUN] - NOT_RUN: scrollToPosition(0, 0)

2020-02-27 10:55:24 - [TEST_STEP][NOT_RUN] - delay(5): NOT_RUN: delay(5)

2020-02-27 10:55:24 - [MESSAGE][NOT_RUN] - NOT_RUN: delay(5)

2020-02-27 10:55:24 - [TEST_STEP][NOT_RUN] - setText(findTestObject("Maintenance/Search Mutualan"), "mutualan rt"): NOT_RUN: setText(findTestObject("Maintenance/Search Mutualan"), "mutualan rt")

2020-02-27 10:55:24 - [MESSAGE][NOT_RUN] - NOT_RUN: setText(findTestObject("Maintenance/Search Mutualan"), "mutualan rt")

2020-02-27 10:55:24 - [TEST_STEP][NOT_RUN] - delay(5): NOT_RUN: delay(5)

2020-02-27 10:55:24 - [MESSAGE][NOT_RUN] - NOT_RUN: delay(5)

2020-02-27 10:55:24 - [TEST_STEP][NOT_RUN] - click(findTestObject("Maintenance/Klik Span Mutualan RT"), STOP_ON_FAILURE): NOT_RUN: click(findTestObject("Maintenance/Klik Span Mutualan RT"), STOP_ON_FAILURE)

2020-02-27 10:55:24 - [MESSAGE][NOT_RUN] - NOT_RUN: click(findTestObject("Maintenance/Klik Span Mutualan RT"), STOP_ON_FAILURE)

2020-02-27 10:55:24 - [TEST_STEP][NOT_RUN] - delay(20): NOT_RUN: delay(20)

2020-02-27 10:55:24 - [MESSAGE][NOT_RUN] - NOT_RUN: delay(20)

2020-02-27 10:55:24 - [TEST_STEP][NOT_RUN] - click(findTestObject("Maintenance/Klik Tweet Pertama Mutualan")): NOT_RUN: click(findTestObject("Maintenance/Klik Tweet Pertama Mutualan"))

2020-02-27 10:55:24 - [MESSAGE][NOT_RUN] - NOT_RUN: click(findTestObject("Maintenance/Klik Tweet Pertama Mutualan"))

2020-02-27 10:55:24 - [TEST_STEP][NOT_RUN] - delay(10): NOT_RUN: delay(10)

2020-02-27 10:55:24 - [MESSAGE][NOT_RUN] - NOT_RUN: delay(10)

2020-02-27 10:55:24 - [TEST_STEP][NOT_RUN] - click(findTestObject("Maintenance/Klik Retweet")): NOT_RUN: click(findTestObject("Maintenance/Klik Retweet"))

2020-02-27 10:55:24 - [MESSAGE][NOT_RUN] - NOT_RUN: click(findTestObject("Maintenance/Klik Retweet"))

2020-02-27 10:55:24 - [TEST_STEP][NOT_RUN] - delay(10): NOT_RUN: delay(10)

2020-02-27 10:55:24 - [MESSAGE][NOT_RUN] - NOT_RUN: delay(10)

2020-02-27 10:55:24 - [TEST_STEP][NOT_RUN] - click(findTestObject("Maintenance/Follow 1")): NOT_RUN: click(findTestObject("Maintenance/Follow 1"))

2020-02-27 10:55:24 - [MESSAGE][NOT_RUN] - NOT_RUN: click(findTestObject("Maintenance/Follow 1"))

2020-02-27 10:55:24 - [TEST_STEP][NOT_RUN] - delay(10): NOT_RUN: delay(10)

2020-02-27 10:55:24 - [MESSAGE][NOT_RUN] - NOT_RUN: delay(10)

2020-02-27 10:55:24 - [TEST_STEP][NOT_RUN] - click(findTestObject("Maintenance/Follow 2")): NOT_RUN: click(findTestObject("Maintenance/Follow 2"))

2020-02-27 10:55:24 - [MESSAGE][NOT_RUN] - NOT_RUN: click(findTestObject("Maintenance/Follow 2"))

2020-02-27 10:55:24 - [TEST_STEP][NOT_RUN] - delay(20): NOT_RUN: delay(20)

2020-02-27 10:55:24 - [MESSAGE][NOT_RUN] - NOT_RUN: delay(20)

2020-02-27 10:55:24 - [TEST_STEP][NOT_RUN] - click(findTestObject("Maintenance/Follow 3")): NOT_RUN: click(findTestObject("Maintenance/Follow 3"))

2020-02-27 10:55:24 - [MESSAGE][NOT_RUN] - NOT_RUN: click(findTestObject("Maintenance/Follow 3"))

2020-02-27 10:55:24 - [TEST_STEP][NOT_RUN] - delay(15): NOT_RUN: delay(15)

2020-02-27 10:55:24 - [MESSAGE][NOT_RUN] - NOT_RUN: delay(15)

2020-02-27 10:55:24 - [TEST_STEP][NOT_RUN] - click(findTestObject("Maintenance/Follow 4")): NOT_RUN: click(findTestObject("Maintenance/Follow 4"))

2020-02-27 10:55:24 - [MESSAGE][NOT_RUN] - NOT_RUN: click(findTestObject("Maintenance/Follow 4"))

2020-02-27 10:55:24 - [TEST_STEP][NOT_RUN] - delay(10): NOT_RUN: delay(10)

2020-02-27 10:55:24 - [MESSAGE][NOT_RUN] - NOT_RUN: delay(10)

2020-02-27 10:55:24 - [TEST_STEP][NOT_RUN] - click(findTestObject("Maintenance/Follow 5")): NOT_RUN: click(findTestObject("Maintenance/Follow 5"))

2020-02-27 10:55:24 - [MESSAGE][NOT_RUN] - NOT_RUN: click(findTestObject("Maintenance/Follow 5"))

2020-02-27 10:55:24 - [TEST_STEP][NOT_RUN] - delay(15): NOT_RUN: delay(15)

2020-02-27 10:55:24 - [MESSAGE][NOT_RUN] - NOT_RUN: delay(15)

2020-02-27 10:55:24 - [TEST_STEP][NOT_RUN] - click(findTestObject("Maintenance/Button Close")): NOT_RUN: click(findTestObject("Maintenance/Button Close"))

2020-02-27 10:55:24 - [MESSAGE][NOT_RUN] - NOT_RUN: click(findTestObject("Maintenance/Button Close"))

2020-02-27 10:55:24 - [TEST_STEP][NOT_RUN] - delay(5): NOT_RUN: delay(5)

2020-02-27 10:55:24 - [MESSAGE][NOT_RUN] - NOT_RUN: delay(5)

2020-02-27 10:55:24 - [TEST_STEP][NOT_RUN] - click(findTestObject("Maintenance/Button Home")): NOT_RUN: click(findTestObject("Maintenance/Button Home"))

2020-02-27 10:55:24 - [MESSAGE][NOT_RUN] - NOT_RUN: click(findTestObject("Maintenance/Button Home"))

2020-02-27 10:55:24 - [TEST_STEP][NOT_RUN] - delay(10): NOT_RUN: delay(10)

2020-02-27 10:55:24 - [MESSAGE][NOT_RUN] - NOT_RUN: delay(10)

2020-02-27 10:55:24 - [TEST_STEP][NOT_RUN] - click(findTestObject("Maintenance/Button Explore")): NOT_RUN: click(findTestObject("Maintenance/Button Explore"))

2020-02-27 10:55:24 - [MESSAGE][NOT_RUN] - NOT_RUN: click(findTestObject("Maintenance/Button Explore"))

2020-02-27 10:55:24 - [TEST_STEP][NOT_RUN] - delay(5): NOT_RUN: delay(5)

2020-02-27 10:55:24 - [MESSAGE][NOT_RUN] - NOT_RUN: delay(5)

2020-02-27 10:55:24 - [TEST_STEP][NOT_RUN] - click(findTestObject("Maintenance/Show More Hastag")): NOT_RUN: click(findTestObject("Maintenance/Show More Hastag"))

2020-02-27 10:55:24 - [MESSAGE][NOT_RUN] - NOT_RUN: click(findTestObject("Maintenance/Show More Hastag"))

2020-02-27 10:55:24 - [TEST_STEP][NOT_RUN] - delay(10): NOT_RUN: delay(10)

2020-02-27 10:55:24 - [MESSAGE][NOT_RUN] - NOT_RUN: delay(10)

2020-02-27 10:55:24 - [TEST_STEP][NOT_RUN] - scrollToPosition(0, 9): NOT_RUN: scrollToPosition(0, 9)

2020-02-27 10:55:24 - [MESSAGE][NOT_RUN] - NOT_RUN: scrollToPosition(0, 9)

2020-02-27 10:55:24 - [TEST_STEP][NOT_RUN] - delay(10): NOT_RUN: delay(10)

2020-02-27 10:55:24 - [MESSAGE][NOT_RUN] - NOT_RUN: delay(10)

2020-02-27 10:55:24 - [TEST_STEP][NOT_RUN] - scrollToPosition(0, 99): NOT_RUN: scrollToPosition(0, 99)

2020-02-27 10:55:24 - [MESSAGE][NOT_RUN] - NOT_RUN: scrollToPosition(0, 99)

2020-02-27 10:55:24 - [TEST_STEP][NOT_RUN] - delay(10): NOT_RUN: delay(10)

2020-02-27 10:55:24 - [MESSAGE][NOT_RUN] - NOT_RUN: delay(10)

2020-02-27 10:55:24 - [TEST_STEP][NOT_RUN] - scrollToPosition(0, 999): NOT_RUN: scrollToPosition(0, 999)

2020-02-27 10:55:24 - [MESSAGE][NOT_RUN] - NOT_RUN: scrollToPosition(0, 999)

2020-02-27 10:55:24 - [TEST_STEP][NOT_RUN] - delay(10): NOT_RUN: delay(10)

2020-02-27 10:55:24 - [MESSAGE][NOT_RUN] - NOT_RUN: delay(10)

2020-02-27 10:55:24 - [TEST_STEP][NOT_RUN] - scrollToPosition(0, 9999): NOT_RUN: scrollToPosition(0, 9999)

2020-02-27 10:55:24 - [MESSAGE][NOT_RUN] - NOT_RUN: scrollToPosition(0, 9999)

2020-02-27 10:55:24 - [TEST_STEP][NOT_RUN] - scrollToPosition(0, 0): NOT_RUN: scrollToPosition(0, 0)

2020-02-27 10:55:24 - [MESSAGE][NOT_RUN] - NOT_RUN: scrollToPosition(0, 0)

2020-02-27 10:55:24 - [TEST_STEP][NOT_RUN] - delay(5): NOT_RUN: delay(5)

2020-02-27 10:55:24 - [MESSAGE][NOT_RUN] - NOT_RUN: delay(5)

2020-02-27 10:55:24 - [TEST_STEP][NOT_RUN] - click(findTestObject("Maintenance/Button Notifikasi")): NOT_RUN: click(findTestObject("Maintenance/Button Notifikasi"))

2020-02-27 10:55:24 - [MESSAGE][NOT_RUN] - NOT_RUN: click(findTestObject("Maintenance/Button Notifikasi"))

2020-02-27 10:55:24 - [TEST_STEP][NOT_RUN] - delay(10): NOT_RUN: delay(10)

2020-02-27 10:55:24 - [MESSAGE][NOT_RUN] - NOT_RUN: delay(10)

2020-02-27 10:55:24 - [TEST_STEP][NOT_RUN] - click(findTestObject("Maintenance/Notification Mention")): NOT_RUN: click(findTestObject("Maintenance/Notification Mention"))

2020-02-27 10:55:24 - [MESSAGE][NOT_RUN] - NOT_RUN: click(findTestObject("Maintenance/Notification Mention"))

2020-02-27 10:55:24 - [TEST_STEP][NOT_RUN] - delay(10): NOT_RUN: delay(10)

2020-02-27 10:55:24 - [MESSAGE][NOT_RUN] - NOT_RUN: delay(10)

2020-02-27 10:55:24 - [TEST_STEP][NOT_RUN] - click(findTestObject("Maintenance/Button Message")): NOT_RUN: click(findTestObject("Maintenance/Button Message"))

2020-02-27 10:55:24 - [MESSAGE][NOT_RUN] - NOT_RUN: click(findTestObject("Maintenance/Button Message"))

2020-02-27 10:55:24 - [TEST_STEP][NOT_RUN] - delay(10): NOT_RUN: delay(10)

2020-02-27 10:55:24 - [MESSAGE][NOT_RUN] - NOT_RUN: delay(10)

2020-02-27 10:55:24 - [TEST_STEP][NOT_RUN] - click(findTestObject("Maintenance/Button List")): NOT_RUN: click(findTestObject("Maintenance/Button List"))

2020-02-27 10:55:24 - [MESSAGE][NOT_RUN] - NOT_RUN: click(findTestObject("Maintenance/Button List"))

2020-02-27 10:55:24 - [TEST_STEP][NOT_RUN] - delay(10): NOT_RUN: delay(10)

2020-02-27 10:55:24 - [MESSAGE][NOT_RUN] - NOT_RUN: delay(10)

2020-02-27 10:55:24 - [TEST_STEP][NOT_RUN] - click(findTestObject("Maintenance/List Subscribed")): NOT_RUN: click(findTestObject("Maintenance/List Subscribed"))

2020-02-27 10:55:24 - [MESSAGE][NOT_RUN] - NOT_RUN: click(findTestObject("Maintenance/List Subscribed"))

2020-02-27 10:55:24 - [TEST_STEP][NOT_RUN] - delay(10): NOT_RUN: delay(10)

2020-02-27 10:55:24 - [MESSAGE][NOT_RUN] - NOT_RUN: delay(10)

2020-02-27 10:55:24 - [TEST_STEP][NOT_RUN] - click(findTestObject("Maintenance/List Member")): NOT_RUN: click(findTestObject("Maintenance/List Member"))

2020-02-27 10:55:24 - [MESSAGE][NOT_RUN] - NOT_RUN: click(findTestObject("Maintenance/List Member"))

2020-02-27 10:55:24 - [TEST_STEP][NOT_RUN] - delay(10): NOT_RUN: delay(10)

2020-02-27 10:55:24 - [MESSAGE][NOT_RUN] - NOT_RUN: delay(10)

2020-02-27 10:55:24 - [TEST_STEP][NOT_RUN] - click(findTestObject("Maintenance/Button Profile")): NOT_RUN: click(findTestObject("Maintenance/Button Profile"))

2020-02-27 10:55:24 - [MESSAGE][NOT_RUN] - NOT_RUN: click(findTestObject("Maintenance/Button Profile"))

2020-02-27 10:55:24 - [TEST_STEP][NOT_RUN] - delay(10): NOT_RUN: delay(10)

2020-02-27 10:55:24 - [MESSAGE][NOT_RUN] - NOT_RUN: delay(10)

2020-02-27 10:55:24 - [TEST_STEP][NOT_RUN] - click(findTestObject("Maintenance/Tweet and Replies")): NOT_RUN: click(findTestObject("Maintenance/Tweet and Replies"))

2020-02-27 10:55:24 - [MESSAGE][NOT_RUN] - NOT_RUN: click(findTestObject("Maintenance/Tweet and Replies"))

2020-02-27 10:55:24 - [TEST_STEP][NOT_RUN] - delay(10): NOT_RUN: delay(10)

2020-02-27 10:55:24 - [MESSAGE][NOT_RUN] - NOT_RUN: delay(10)

2020-02-27 10:55:24 - [TEST_STEP][NOT_RUN] - click(findTestObject("Maintenance/Profile - Media")): NOT_RUN: click(findTestObject("Maintenance/Profile - Media"))

2020-02-27 10:55:24 - [MESSAGE][NOT_RUN] - NOT_RUN: click(findTestObject("Maintenance/Profile - Media"))

2020-02-27 10:55:24 - [TEST_STEP][NOT_RUN] - delay(10): NOT_RUN: delay(10)

2020-02-27 10:55:24 - [MESSAGE][NOT_RUN] - NOT_RUN: delay(10)

2020-02-27 10:55:24 - [TEST_STEP][NOT_RUN] - click(findTestObject("Maintenance/Profile - Likes")): NOT_RUN: click(findTestObject("Maintenance/Profile - Likes"))

2020-02-27 10:55:24 - [MESSAGE][NOT_RUN] - NOT_RUN: click(findTestObject("Maintenance/Profile - Likes"))

2020-02-27 10:55:24 - [TEST_STEP][NOT_RUN] - delay(10): NOT_RUN: delay(10)

2020-02-27 10:55:24 - [MESSAGE][NOT_RUN] - NOT_RUN: delay(10)

2020-02-27 10:55:24 - [TEST_STEP][NOT_RUN] - click(findTestObject("Maintenance/Button Home")): NOT_RUN: click(findTestObject("Maintenance/Button Home"))

2020-02-27 10:55:24 - [MESSAGE][NOT_RUN] - NOT_RUN: click(findTestObject("Maintenance/Button Home"))

2020-02-27 10:55:24 - [TEST_STEP][NOT_RUN] - delay(10): NOT_RUN: delay(10)

2020-02-27 10:55:24 - [MESSAGE][NOT_RUN] - NOT_RUN: delay(10)

2020-02-27 10:55:24 - [TEST_STEP][NOT_RUN] - click(findTestObject("Maintenance/Logout/div_Selengkapnya")): NOT_RUN: click(findTestObject("Maintenance/Logout/div_Selengkapnya"))

2020-02-27 10:55:24 - [MESSAGE][NOT_RUN] - NOT_RUN: click(findTestObject("Maintenance/Logout/div_Selengkapnya"))

2020-02-27 10:55:24 - [TEST_STEP][NOT_RUN] - click(findTestObject("Maintenance/Setting and Privacy")): NOT_RUN: click(findTestObject("Maintenance/Setting and Privacy"))

2020-02-27 10:55:24 - [MESSAGE][NOT_RUN] - NOT_RUN: click(findTestObject("Maintenance/Setting and Privacy"))

2020-02-27 10:55:24 - [TEST_STEP][NOT_RUN] - delay(10): NOT_RUN: delay(10)

2020-02-27 10:55:24 - [MESSAGE][NOT_RUN] - NOT_RUN: delay(10)

2020-02-27 10:55:24 - [TEST_STEP][NOT_RUN] - click(findTestObject("Maintenance/Setting - Privacy and safety")): NOT_RUN: click(findTestObject("Maintenance/Setting - Privacy and safety"))

2020-02-27 10:55:24 - [MESSAGE][NOT_RUN] - NOT_RUN: click(findTestObject("Maintenance/Setting - Privacy and safety"))

2020-02-27 10:55:24 - [TEST_STEP][NOT_RUN] - delay(10): NOT_RUN: delay(10)

2020-02-27 10:55:24 - [MESSAGE][NOT_RUN] - NOT_RUN: delay(10)

2020-02-27 10:55:24 - [TEST_STEP][NOT_RUN] - click(findTestObject("Maintenance/Setting - Notification")): NOT_RUN: click(findTestObject("Maintenance/Setting - Notification"))

2020-02-27 10:55:24 - [MESSAGE][NOT_RUN] - NOT_RUN: click(findTestObject("Maintenance/Setting - Notification"))

2020-02-27 10:55:24 - [TEST_STEP][NOT_RUN] - delay(10): NOT_RUN: delay(10)

2020-02-27 10:55:24 - [MESSAGE][NOT_RUN] - NOT_RUN: delay(10)

2020-02-27 10:55:24 - [TEST_STEP][NOT_RUN] - click(findTestObject("Maintenance/Setting - Content preferences")): NOT_RUN: click(findTestObject("Maintenance/Setting - Content preferences"))

2020-02-27 10:55:24 - [MESSAGE][NOT_RUN] - NOT_RUN: click(findTestObject("Maintenance/Setting - Content preferences"))

2020-02-27 10:55:24 - [TEST_STEP][NOT_RUN] - delay(10): NOT_RUN: delay(10)

2020-02-27 10:55:24 - [MESSAGE][NOT_RUN] - NOT_RUN: delay(10)

2020-02-27 10:55:24 - [TEST_STEP][NOT_RUN] - click(findTestObject("Maintenance/Setting - Display")): NOT_RUN: click(findTestObject("Maintenance/Setting - Display"))

2020-02-27 10:55:24 - [MESSAGE][NOT_RUN] - NOT_RUN: click(findTestObject("Maintenance/Setting - Display"))

2020-02-27 10:55:24 - [TEST_STEP][NOT_RUN] - delay(10): NOT_RUN: delay(10)

2020-02-27 10:55:24 - [MESSAGE][NOT_RUN] - NOT_RUN: delay(10)

2020-02-27 10:55:24 - [TEST_STEP][NOT_RUN] - click(findTestObject("Maintenance/Setting - Data Usage")): NOT_RUN: click(findTestObject("Maintenance/Setting - Data Usage"))

2020-02-27 10:55:24 - [MESSAGE][NOT_RUN] - NOT_RUN: click(findTestObject("Maintenance/Setting - Data Usage"))

2020-02-27 10:55:24 - [TEST_STEP][NOT_RUN] - delay(10): NOT_RUN: delay(10)

2020-02-27 10:55:24 - [MESSAGE][NOT_RUN] - NOT_RUN: delay(10)

2020-02-27 10:55:24 - [TEST_STEP][NOT_RUN] - click(findTestObject("Maintenance/Setting - Accessibility")): NOT_RUN: click(findTestObject("Maintenance/Setting - Accessibility"))

2020-02-27 10:55:24 - [MESSAGE][NOT_RUN] - NOT_RUN: click(findTestObject("Maintenance/Setting - Accessibility"))

2020-02-27 10:55:24 - [TEST_STEP][NOT_RUN] - delay(10): NOT_RUN: delay(10)

2020-02-27 10:55:24 - [MESSAGE][NOT_RUN] - NOT_RUN: delay(10)

2020-02-27 10:55:24 - [TEST_STEP][NOT_RUN] - click(findTestObject("Maintenance/Setting - About Twitter")): NOT_RUN: click(findTestObject("Maintenance/Setting - About Twitter"))

2020-02-27 10:55:24 - [MESSAGE][NOT_RUN] - NOT_RUN: click(findTestObject("Maintenance/Setting - About Twitter"))

2020-02-27 10:55:24 - [TEST_STEP][NOT_RUN] - delay(10): NOT_RUN: delay(10)

2020-02-27 10:55:24 - [MESSAGE][NOT_RUN] - NOT_RUN: delay(10)

2020-02-27 10:55:24 - [TEST_STEP][NOT_RUN] - click(findTestObject("Maintenance/Button Home")): NOT_RUN: click(findTestObject("Maintenance/Button Home"))

2020-02-27 10:55:24 - [MESSAGE][NOT_RUN] - NOT_RUN: click(findTestObject("Maintenance/Button Home"))

2020-02-27 10:55:24 - [TEST_STEP][NOT_RUN] - delay(15): NOT_RUN: delay(15)

2020-02-27 10:55:24 - [MESSAGE][NOT_RUN] - NOT_RUN: delay(15)

2020-02-27 10:55:24 - [TEST_STEP][PASSED] - click(findTestObject("Maintenance/Logout/div_Selengkapnya")): Object: 'Object Repository/Maintenance/Logout/div_Selengkapnya' is clicked on

2020-02-27 10:55:24 - [MESSAGE][PASSED] - Object: 'Object Repository/Maintenance/Logout/div_Selengkapnya' is clicked on

2020-02-27 10:55:24 - [TEST_STEP][PASSED] - delay(5): Delayed 5 second(s)

2020-02-27 10:55:29 - [MESSAGE][PASSED] - Delayed 5 second(s)

2020-02-27 10:55:29 - [TEST_STEP][PASSED] - click(findTestObject("Maintenance/Keluar/div_Keluar")): Object: 'Object Repository/Maintenance/Keluar/div_Keluar' is clicked on

2020-02-27 10:55:30 - [MESSAGE][PASSED] - Object: 'Object Repository/Maintenance/Keluar/div_Keluar' is clicked on

2020-02-27 10:55:30 - [TEST_STEP][PASSED] - closeBrowser(): Browser is closed

2020-02-27 10:55:39 - [MESSAGE][PASSED] - Browser is closed]]></system-out>
         <system-err><![CDATA[]]></system-err>
      </testcase>
      <testcase name="Test Cases/Maintenance 1" time="44.428" classname="Test Cases/Maintenance 1" status="PASSED">
         <system-out><![CDATA[2020-02-27 10:55:39 - [TEST_CASE][PASSED] - Test Cases/Maintenance 1: Test Cases/Maintenance 1

2020-02-27 10:55:39 - [TEST_STEP][PASSED] - openBrowser(""): Browser is opened with url: ''

2020-02-27 10:55:39 - [MESSAGE][INFO] - Starting 'Firefox' driver

2020-02-27 10:55:45 - [MESSAGE][PASSED] - Browser is opened with url: ''

2020-02-27 10:55:45 - [TEST_STEP][PASSED] - navigateToUrl("https://twitter.com"): Navigate to 'https://twitter.com' successfully

2020-02-27 10:55:50 - [MESSAGE][PASSED] - Navigate to 'https://twitter.com' successfully

2020-02-27 10:55:50 - [TEST_STEP][PASSED] - delay(5): Delayed 5 second(s)

2020-02-27 10:55:55 - [MESSAGE][PASSED] - Delayed 5 second(s)

2020-02-27 10:55:55 - [TEST_STEP][PASSED] - click(findTestObject("Maintenance/Halaman Awal/div_Log in")): Object: 'Object Repository/Maintenance/Halaman Awal/div_Log in' is clicked on

2020-02-27 10:55:56 - [MESSAGE][PASSED] - Object: 'Object Repository/Maintenance/Halaman Awal/div_Log in' is clicked on

2020-02-27 10:55:56 - [TEST_STEP][PASSED] - setText(findTestObject("Maintenance/Halaman Login/input_Phone email or username_sessionusername_or_email"), Username): Text 'markuspeaaa' is set on object 'Object Repository/Maintenance/Halaman Login/input_Phone email or username_sessionusername_or_email'

2020-02-27 10:55:57 - [MESSAGE][PASSED] - Text 'markuspeaaa' is set on object 'Object Repository/Maintenance/Halaman Login/input_Phone email or username_sessionusername_or_email'

2020-02-27 10:55:57 - [TEST_STEP][PASSED] - setText(findTestObject("Maintenance/Halaman Login/input_Password_sessionpassword"), Password): Text 'indraramdan123' is set on object 'Object Repository/Maintenance/Halaman Login/input_Password_sessionpassword'

2020-02-27 10:55:58 - [MESSAGE][PASSED] - Text 'indraramdan123' is set on object 'Object Repository/Maintenance/Halaman Login/input_Password_sessionpassword'

2020-02-27 10:55:58 - [TEST_STEP][PASSED] - click(findTestObject("Maintenance/Halaman Login/div_Log in")): Object: 'Object Repository/Maintenance/Halaman Login/div_Log in' is clicked on

2020-02-27 10:56:01 - [MESSAGE][PASSED] - Object: 'Object Repository/Maintenance/Halaman Login/div_Log in' is clicked on

2020-02-27 10:56:01 - [TEST_STEP][PASSED] - delay(10): Delayed 10 second(s)

2020-02-27 10:56:11 - [MESSAGE][PASSED] - Delayed 10 second(s)

2020-02-27 10:56:11 - [TEST_STEP][NOT_RUN] - scrollToPosition(0, 9): NOT_RUN: scrollToPosition(0, 9)

2020-02-27 10:56:11 - [MESSAGE][NOT_RUN] - NOT_RUN: scrollToPosition(0, 9)

2020-02-27 10:56:11 - [TEST_STEP][NOT_RUN] - delay(10): NOT_RUN: delay(10)

2020-02-27 10:56:11 - [MESSAGE][NOT_RUN] - NOT_RUN: delay(10)

2020-02-27 10:56:11 - [TEST_STEP][NOT_RUN] - scrollToPosition(0, 99): NOT_RUN: scrollToPosition(0, 99)

2020-02-27 10:56:11 - [MESSAGE][NOT_RUN] - NOT_RUN: scrollToPosition(0, 99)

2020-02-27 10:56:11 - [TEST_STEP][NOT_RUN] - delay(10): NOT_RUN: delay(10)

2020-02-27 10:56:11 - [MESSAGE][NOT_RUN] - NOT_RUN: delay(10)

2020-02-27 10:56:11 - [TEST_STEP][NOT_RUN] - scrollToPosition(0, 999): NOT_RUN: scrollToPosition(0, 999)

2020-02-27 10:56:11 - [MESSAGE][NOT_RUN] - NOT_RUN: scrollToPosition(0, 999)

2020-02-27 10:56:11 - [TEST_STEP][NOT_RUN] - delay(10): NOT_RUN: delay(10)

2020-02-27 10:56:11 - [MESSAGE][NOT_RUN] - NOT_RUN: delay(10)

2020-02-27 10:56:11 - [TEST_STEP][NOT_RUN] - scrollToPosition(0, 9999): NOT_RUN: scrollToPosition(0, 9999)

2020-02-27 10:56:11 - [MESSAGE][NOT_RUN] - NOT_RUN: scrollToPosition(0, 9999)

2020-02-27 10:56:11 - [TEST_STEP][NOT_RUN] - scrollToPosition(0, 0): NOT_RUN: scrollToPosition(0, 0)

2020-02-27 10:56:11 - [MESSAGE][NOT_RUN] - NOT_RUN: scrollToPosition(0, 0)

2020-02-27 10:56:11 - [TEST_STEP][NOT_RUN] - delay(5): NOT_RUN: delay(5)

2020-02-27 10:56:11 - [MESSAGE][NOT_RUN] - NOT_RUN: delay(5)

2020-02-27 10:56:11 - [TEST_STEP][NOT_RUN] - setText(findTestObject("Maintenance/Search Mutualan"), "mutualan rt"): NOT_RUN: setText(findTestObject("Maintenance/Search Mutualan"), "mutualan rt")

2020-02-27 10:56:11 - [MESSAGE][NOT_RUN] - NOT_RUN: setText(findTestObject("Maintenance/Search Mutualan"), "mutualan rt")

2020-02-27 10:56:11 - [TEST_STEP][NOT_RUN] - delay(5): NOT_RUN: delay(5)

2020-02-27 10:56:11 - [MESSAGE][NOT_RUN] - NOT_RUN: delay(5)

2020-02-27 10:56:11 - [TEST_STEP][NOT_RUN] - click(findTestObject("Maintenance/Klik Span Mutualan RT"), STOP_ON_FAILURE): NOT_RUN: click(findTestObject("Maintenance/Klik Span Mutualan RT"), STOP_ON_FAILURE)

2020-02-27 10:56:11 - [MESSAGE][NOT_RUN] - NOT_RUN: click(findTestObject("Maintenance/Klik Span Mutualan RT"), STOP_ON_FAILURE)

2020-02-27 10:56:11 - [TEST_STEP][NOT_RUN] - delay(20): NOT_RUN: delay(20)

2020-02-27 10:56:11 - [MESSAGE][NOT_RUN] - NOT_RUN: delay(20)

2020-02-27 10:56:11 - [TEST_STEP][NOT_RUN] - click(findTestObject("Maintenance/Klik Tweet Pertama Mutualan")): NOT_RUN: click(findTestObject("Maintenance/Klik Tweet Pertama Mutualan"))

2020-02-27 10:56:11 - [MESSAGE][NOT_RUN] - NOT_RUN: click(findTestObject("Maintenance/Klik Tweet Pertama Mutualan"))

2020-02-27 10:56:11 - [TEST_STEP][NOT_RUN] - delay(10): NOT_RUN: delay(10)

2020-02-27 10:56:11 - [MESSAGE][NOT_RUN] - NOT_RUN: delay(10)

2020-02-27 10:56:11 - [TEST_STEP][NOT_RUN] - click(findTestObject("Maintenance/Klik Retweet")): NOT_RUN: click(findTestObject("Maintenance/Klik Retweet"))

2020-02-27 10:56:11 - [MESSAGE][NOT_RUN] - NOT_RUN: click(findTestObject("Maintenance/Klik Retweet"))

2020-02-27 10:56:11 - [TEST_STEP][NOT_RUN] - delay(10): NOT_RUN: delay(10)

2020-02-27 10:56:11 - [MESSAGE][NOT_RUN] - NOT_RUN: delay(10)

2020-02-27 10:56:11 - [TEST_STEP][NOT_RUN] - click(findTestObject("Maintenance/Follow 1")): NOT_RUN: click(findTestObject("Maintenance/Follow 1"))

2020-02-27 10:56:11 - [MESSAGE][NOT_RUN] - NOT_RUN: click(findTestObject("Maintenance/Follow 1"))

2020-02-27 10:56:11 - [TEST_STEP][NOT_RUN] - delay(10): NOT_RUN: delay(10)

2020-02-27 10:56:11 - [MESSAGE][NOT_RUN] - NOT_RUN: delay(10)

2020-02-27 10:56:11 - [TEST_STEP][NOT_RUN] - click(findTestObject("Maintenance/Follow 2")): NOT_RUN: click(findTestObject("Maintenance/Follow 2"))

2020-02-27 10:56:11 - [MESSAGE][NOT_RUN] - NOT_RUN: click(findTestObject("Maintenance/Follow 2"))

2020-02-27 10:56:11 - [TEST_STEP][NOT_RUN] - delay(20): NOT_RUN: delay(20)

2020-02-27 10:56:11 - [MESSAGE][NOT_RUN] - NOT_RUN: delay(20)

2020-02-27 10:56:11 - [TEST_STEP][NOT_RUN] - click(findTestObject("Maintenance/Follow 3")): NOT_RUN: click(findTestObject("Maintenance/Follow 3"))

2020-02-27 10:56:11 - [MESSAGE][NOT_RUN] - NOT_RUN: click(findTestObject("Maintenance/Follow 3"))

2020-02-27 10:56:11 - [TEST_STEP][NOT_RUN] - delay(15): NOT_RUN: delay(15)

2020-02-27 10:56:11 - [MESSAGE][NOT_RUN] - NOT_RUN: delay(15)

2020-02-27 10:56:11 - [TEST_STEP][NOT_RUN] - click(findTestObject("Maintenance/Follow 4")): NOT_RUN: click(findTestObject("Maintenance/Follow 4"))

2020-02-27 10:56:11 - [MESSAGE][NOT_RUN] - NOT_RUN: click(findTestObject("Maintenance/Follow 4"))

2020-02-27 10:56:11 - [TEST_STEP][NOT_RUN] - delay(10): NOT_RUN: delay(10)

2020-02-27 10:56:11 - [MESSAGE][NOT_RUN] - NOT_RUN: delay(10)

2020-02-27 10:56:11 - [TEST_STEP][NOT_RUN] - click(findTestObject("Maintenance/Follow 5")): NOT_RUN: click(findTestObject("Maintenance/Follow 5"))

2020-02-27 10:56:11 - [MESSAGE][NOT_RUN] - NOT_RUN: click(findTestObject("Maintenance/Follow 5"))

2020-02-27 10:56:11 - [TEST_STEP][NOT_RUN] - delay(15): NOT_RUN: delay(15)

2020-02-27 10:56:11 - [MESSAGE][NOT_RUN] - NOT_RUN: delay(15)

2020-02-27 10:56:11 - [TEST_STEP][NOT_RUN] - click(findTestObject("Maintenance/Button Close")): NOT_RUN: click(findTestObject("Maintenance/Button Close"))

2020-02-27 10:56:11 - [MESSAGE][NOT_RUN] - NOT_RUN: click(findTestObject("Maintenance/Button Close"))

2020-02-27 10:56:11 - [TEST_STEP][NOT_RUN] - delay(5): NOT_RUN: delay(5)

2020-02-27 10:56:11 - [MESSAGE][NOT_RUN] - NOT_RUN: delay(5)

2020-02-27 10:56:11 - [TEST_STEP][NOT_RUN] - click(findTestObject("Maintenance/Button Home")): NOT_RUN: click(findTestObject("Maintenance/Button Home"))

2020-02-27 10:56:11 - [MESSAGE][NOT_RUN] - NOT_RUN: click(findTestObject("Maintenance/Button Home"))

2020-02-27 10:56:11 - [TEST_STEP][NOT_RUN] - delay(10): NOT_RUN: delay(10)

2020-02-27 10:56:11 - [MESSAGE][NOT_RUN] - NOT_RUN: delay(10)

2020-02-27 10:56:11 - [TEST_STEP][NOT_RUN] - click(findTestObject("Maintenance/Button Explore")): NOT_RUN: click(findTestObject("Maintenance/Button Explore"))

2020-02-27 10:56:11 - [MESSAGE][NOT_RUN] - NOT_RUN: click(findTestObject("Maintenance/Button Explore"))

2020-02-27 10:56:11 - [TEST_STEP][NOT_RUN] - delay(5): NOT_RUN: delay(5)

2020-02-27 10:56:11 - [MESSAGE][NOT_RUN] - NOT_RUN: delay(5)

2020-02-27 10:56:11 - [TEST_STEP][NOT_RUN] - click(findTestObject("Maintenance/Show More Hastag")): NOT_RUN: click(findTestObject("Maintenance/Show More Hastag"))

2020-02-27 10:56:11 - [MESSAGE][NOT_RUN] - NOT_RUN: click(findTestObject("Maintenance/Show More Hastag"))

2020-02-27 10:56:11 - [TEST_STEP][NOT_RUN] - delay(10): NOT_RUN: delay(10)

2020-02-27 10:56:11 - [MESSAGE][NOT_RUN] - NOT_RUN: delay(10)

2020-02-27 10:56:11 - [TEST_STEP][NOT_RUN] - scrollToPosition(0, 9): NOT_RUN: scrollToPosition(0, 9)

2020-02-27 10:56:11 - [MESSAGE][NOT_RUN] - NOT_RUN: scrollToPosition(0, 9)

2020-02-27 10:56:11 - [TEST_STEP][NOT_RUN] - delay(10): NOT_RUN: delay(10)

2020-02-27 10:56:11 - [MESSAGE][NOT_RUN] - NOT_RUN: delay(10)

2020-02-27 10:56:11 - [TEST_STEP][NOT_RUN] - scrollToPosition(0, 99): NOT_RUN: scrollToPosition(0, 99)

2020-02-27 10:56:11 - [MESSAGE][NOT_RUN] - NOT_RUN: scrollToPosition(0, 99)

2020-02-27 10:56:11 - [TEST_STEP][NOT_RUN] - delay(10): NOT_RUN: delay(10)

2020-02-27 10:56:11 - [MESSAGE][NOT_RUN] - NOT_RUN: delay(10)

2020-02-27 10:56:11 - [TEST_STEP][NOT_RUN] - scrollToPosition(0, 999): NOT_RUN: scrollToPosition(0, 999)

2020-02-27 10:56:11 - [MESSAGE][NOT_RUN] - NOT_RUN: scrollToPosition(0, 999)

2020-02-27 10:56:11 - [TEST_STEP][NOT_RUN] - delay(10): NOT_RUN: delay(10)

2020-02-27 10:56:11 - [MESSAGE][NOT_RUN] - NOT_RUN: delay(10)

2020-02-27 10:56:11 - [TEST_STEP][NOT_RUN] - scrollToPosition(0, 9999): NOT_RUN: scrollToPosition(0, 9999)

2020-02-27 10:56:11 - [MESSAGE][NOT_RUN] - NOT_RUN: scrollToPosition(0, 9999)

2020-02-27 10:56:11 - [TEST_STEP][NOT_RUN] - scrollToPosition(0, 0): NOT_RUN: scrollToPosition(0, 0)

2020-02-27 10:56:11 - [MESSAGE][NOT_RUN] - NOT_RUN: scrollToPosition(0, 0)

2020-02-27 10:56:11 - [TEST_STEP][NOT_RUN] - delay(5): NOT_RUN: delay(5)

2020-02-27 10:56:11 - [MESSAGE][NOT_RUN] - NOT_RUN: delay(5)

2020-02-27 10:56:11 - [TEST_STEP][NOT_RUN] - click(findTestObject("Maintenance/Button Notifikasi")): NOT_RUN: click(findTestObject("Maintenance/Button Notifikasi"))

2020-02-27 10:56:11 - [MESSAGE][NOT_RUN] - NOT_RUN: click(findTestObject("Maintenance/Button Notifikasi"))

2020-02-27 10:56:11 - [TEST_STEP][NOT_RUN] - delay(10): NOT_RUN: delay(10)

2020-02-27 10:56:11 - [MESSAGE][NOT_RUN] - NOT_RUN: delay(10)

2020-02-27 10:56:11 - [TEST_STEP][NOT_RUN] - click(findTestObject("Maintenance/Notification Mention")): NOT_RUN: click(findTestObject("Maintenance/Notification Mention"))

2020-02-27 10:56:11 - [MESSAGE][NOT_RUN] - NOT_RUN: click(findTestObject("Maintenance/Notification Mention"))

2020-02-27 10:56:11 - [TEST_STEP][NOT_RUN] - delay(10): NOT_RUN: delay(10)

2020-02-27 10:56:11 - [MESSAGE][NOT_RUN] - NOT_RUN: delay(10)

2020-02-27 10:56:11 - [TEST_STEP][NOT_RUN] - click(findTestObject("Maintenance/Button Message")): NOT_RUN: click(findTestObject("Maintenance/Button Message"))

2020-02-27 10:56:11 - [MESSAGE][NOT_RUN] - NOT_RUN: click(findTestObject("Maintenance/Button Message"))

2020-02-27 10:56:11 - [TEST_STEP][NOT_RUN] - delay(10): NOT_RUN: delay(10)

2020-02-27 10:56:11 - [MESSAGE][NOT_RUN] - NOT_RUN: delay(10)

2020-02-27 10:56:11 - [TEST_STEP][NOT_RUN] - click(findTestObject("Maintenance/Button List")): NOT_RUN: click(findTestObject("Maintenance/Button List"))

2020-02-27 10:56:11 - [MESSAGE][NOT_RUN] - NOT_RUN: click(findTestObject("Maintenance/Button List"))

2020-02-27 10:56:11 - [TEST_STEP][NOT_RUN] - delay(10): NOT_RUN: delay(10)

2020-02-27 10:56:11 - [MESSAGE][NOT_RUN] - NOT_RUN: delay(10)

2020-02-27 10:56:11 - [TEST_STEP][NOT_RUN] - click(findTestObject("Maintenance/List Subscribed")): NOT_RUN: click(findTestObject("Maintenance/List Subscribed"))

2020-02-27 10:56:11 - [MESSAGE][NOT_RUN] - NOT_RUN: click(findTestObject("Maintenance/List Subscribed"))

2020-02-27 10:56:11 - [TEST_STEP][NOT_RUN] - delay(10): NOT_RUN: delay(10)

2020-02-27 10:56:11 - [MESSAGE][NOT_RUN] - NOT_RUN: delay(10)

2020-02-27 10:56:11 - [TEST_STEP][NOT_RUN] - click(findTestObject("Maintenance/List Member")): NOT_RUN: click(findTestObject("Maintenance/List Member"))

2020-02-27 10:56:11 - [MESSAGE][NOT_RUN] - NOT_RUN: click(findTestObject("Maintenance/List Member"))

2020-02-27 10:56:11 - [TEST_STEP][NOT_RUN] - delay(10): NOT_RUN: delay(10)

2020-02-27 10:56:11 - [MESSAGE][NOT_RUN] - NOT_RUN: delay(10)

2020-02-27 10:56:11 - [TEST_STEP][NOT_RUN] - click(findTestObject("Maintenance/Button Profile")): NOT_RUN: click(findTestObject("Maintenance/Button Profile"))

2020-02-27 10:56:11 - [MESSAGE][NOT_RUN] - NOT_RUN: click(findTestObject("Maintenance/Button Profile"))

2020-02-27 10:56:11 - [TEST_STEP][NOT_RUN] - delay(10): NOT_RUN: delay(10)

2020-02-27 10:56:11 - [MESSAGE][NOT_RUN] - NOT_RUN: delay(10)

2020-02-27 10:56:11 - [TEST_STEP][NOT_RUN] - click(findTestObject("Maintenance/Tweet and Replies")): NOT_RUN: click(findTestObject("Maintenance/Tweet and Replies"))

2020-02-27 10:56:11 - [MESSAGE][NOT_RUN] - NOT_RUN: click(findTestObject("Maintenance/Tweet and Replies"))

2020-02-27 10:56:11 - [TEST_STEP][NOT_RUN] - delay(10): NOT_RUN: delay(10)

2020-02-27 10:56:11 - [MESSAGE][NOT_RUN] - NOT_RUN: delay(10)

2020-02-27 10:56:11 - [TEST_STEP][NOT_RUN] - click(findTestObject("Maintenance/Profile - Media")): NOT_RUN: click(findTestObject("Maintenance/Profile - Media"))

2020-02-27 10:56:11 - [MESSAGE][NOT_RUN] - NOT_RUN: click(findTestObject("Maintenance/Profile - Media"))

2020-02-27 10:56:11 - [TEST_STEP][NOT_RUN] - delay(10): NOT_RUN: delay(10)

2020-02-27 10:56:11 - [MESSAGE][NOT_RUN] - NOT_RUN: delay(10)

2020-02-27 10:56:11 - [TEST_STEP][NOT_RUN] - click(findTestObject("Maintenance/Profile - Likes")): NOT_RUN: click(findTestObject("Maintenance/Profile - Likes"))

2020-02-27 10:56:11 - [MESSAGE][NOT_RUN] - NOT_RUN: click(findTestObject("Maintenance/Profile - Likes"))

2020-02-27 10:56:11 - [TEST_STEP][NOT_RUN] - delay(10): NOT_RUN: delay(10)

2020-02-27 10:56:11 - [MESSAGE][NOT_RUN] - NOT_RUN: delay(10)

2020-02-27 10:56:11 - [TEST_STEP][NOT_RUN] - click(findTestObject("Maintenance/Button Home")): NOT_RUN: click(findTestObject("Maintenance/Button Home"))

2020-02-27 10:56:11 - [MESSAGE][NOT_RUN] - NOT_RUN: click(findTestObject("Maintenance/Button Home"))

2020-02-27 10:56:11 - [TEST_STEP][NOT_RUN] - delay(10): NOT_RUN: delay(10)

2020-02-27 10:56:11 - [MESSAGE][NOT_RUN] - NOT_RUN: delay(10)

2020-02-27 10:56:11 - [TEST_STEP][NOT_RUN] - click(findTestObject("Maintenance/Logout/div_Selengkapnya")): NOT_RUN: click(findTestObject("Maintenance/Logout/div_Selengkapnya"))

2020-02-27 10:56:11 - [MESSAGE][NOT_RUN] - NOT_RUN: click(findTestObject("Maintenance/Logout/div_Selengkapnya"))

2020-02-27 10:56:11 - [TEST_STEP][NOT_RUN] - click(findTestObject("Maintenance/Setting and Privacy")): NOT_RUN: click(findTestObject("Maintenance/Setting and Privacy"))

2020-02-27 10:56:11 - [MESSAGE][NOT_RUN] - NOT_RUN: click(findTestObject("Maintenance/Setting and Privacy"))

2020-02-27 10:56:11 - [TEST_STEP][NOT_RUN] - delay(10): NOT_RUN: delay(10)

2020-02-27 10:56:11 - [MESSAGE][NOT_RUN] - NOT_RUN: delay(10)

2020-02-27 10:56:11 - [TEST_STEP][NOT_RUN] - click(findTestObject("Maintenance/Setting - Privacy and safety")): NOT_RUN: click(findTestObject("Maintenance/Setting - Privacy and safety"))

2020-02-27 10:56:11 - [MESSAGE][NOT_RUN] - NOT_RUN: click(findTestObject("Maintenance/Setting - Privacy and safety"))

2020-02-27 10:56:11 - [TEST_STEP][NOT_RUN] - delay(10): NOT_RUN: delay(10)

2020-02-27 10:56:11 - [MESSAGE][NOT_RUN] - NOT_RUN: delay(10)

2020-02-27 10:56:11 - [TEST_STEP][NOT_RUN] - click(findTestObject("Maintenance/Setting - Notification")): NOT_RUN: click(findTestObject("Maintenance/Setting - Notification"))

2020-02-27 10:56:11 - [MESSAGE][NOT_RUN] - NOT_RUN: click(findTestObject("Maintenance/Setting - Notification"))

2020-02-27 10:56:11 - [TEST_STEP][NOT_RUN] - delay(10): NOT_RUN: delay(10)

2020-02-27 10:56:11 - [MESSAGE][NOT_RUN] - NOT_RUN: delay(10)

2020-02-27 10:56:11 - [TEST_STEP][NOT_RUN] - click(findTestObject("Maintenance/Setting - Content preferences")): NOT_RUN: click(findTestObject("Maintenance/Setting - Content preferences"))

2020-02-27 10:56:11 - [MESSAGE][NOT_RUN] - NOT_RUN: click(findTestObject("Maintenance/Setting - Content preferences"))

2020-02-27 10:56:11 - [TEST_STEP][NOT_RUN] - delay(10): NOT_RUN: delay(10)

2020-02-27 10:56:11 - [MESSAGE][NOT_RUN] - NOT_RUN: delay(10)

2020-02-27 10:56:11 - [TEST_STEP][NOT_RUN] - click(findTestObject("Maintenance/Setting - Display")): NOT_RUN: click(findTestObject("Maintenance/Setting - Display"))

2020-02-27 10:56:11 - [MESSAGE][NOT_RUN] - NOT_RUN: click(findTestObject("Maintenance/Setting - Display"))

2020-02-27 10:56:11 - [TEST_STEP][NOT_RUN] - delay(10): NOT_RUN: delay(10)

2020-02-27 10:56:11 - [MESSAGE][NOT_RUN] - NOT_RUN: delay(10)

2020-02-27 10:56:11 - [TEST_STEP][NOT_RUN] - click(findTestObject("Maintenance/Setting - Data Usage")): NOT_RUN: click(findTestObject("Maintenance/Setting - Data Usage"))

2020-02-27 10:56:11 - [MESSAGE][NOT_RUN] - NOT_RUN: click(findTestObject("Maintenance/Setting - Data Usage"))

2020-02-27 10:56:11 - [TEST_STEP][NOT_RUN] - delay(10): NOT_RUN: delay(10)

2020-02-27 10:56:11 - [MESSAGE][NOT_RUN] - NOT_RUN: delay(10)

2020-02-27 10:56:11 - [TEST_STEP][NOT_RUN] - click(findTestObject("Maintenance/Setting - Accessibility")): NOT_RUN: click(findTestObject("Maintenance/Setting - Accessibility"))

2020-02-27 10:56:11 - [MESSAGE][NOT_RUN] - NOT_RUN: click(findTestObject("Maintenance/Setting - Accessibility"))

2020-02-27 10:56:11 - [TEST_STEP][NOT_RUN] - delay(10): NOT_RUN: delay(10)

2020-02-27 10:56:11 - [MESSAGE][NOT_RUN] - NOT_RUN: delay(10)

2020-02-27 10:56:11 - [TEST_STEP][NOT_RUN] - click(findTestObject("Maintenance/Setting - About Twitter")): NOT_RUN: click(findTestObject("Maintenance/Setting - About Twitter"))

2020-02-27 10:56:11 - [MESSAGE][NOT_RUN] - NOT_RUN: click(findTestObject("Maintenance/Setting - About Twitter"))

2020-02-27 10:56:11 - [TEST_STEP][NOT_RUN] - delay(10): NOT_RUN: delay(10)

2020-02-27 10:56:11 - [MESSAGE][NOT_RUN] - NOT_RUN: delay(10)

2020-02-27 10:56:11 - [TEST_STEP][NOT_RUN] - click(findTestObject("Maintenance/Button Home")): NOT_RUN: click(findTestObject("Maintenance/Button Home"))

2020-02-27 10:56:11 - [MESSAGE][NOT_RUN] - NOT_RUN: click(findTestObject("Maintenance/Button Home"))

2020-02-27 10:56:11 - [TEST_STEP][NOT_RUN] - delay(15): NOT_RUN: delay(15)

2020-02-27 10:56:11 - [MESSAGE][NOT_RUN] - NOT_RUN: delay(15)

2020-02-27 10:56:11 - [TEST_STEP][PASSED] - click(findTestObject("Maintenance/Logout/div_Selengkapnya")): Object: 'Object Repository/Maintenance/Logout/div_Selengkapnya' is clicked on

2020-02-27 10:56:12 - [MESSAGE][PASSED] - Object: 'Object Repository/Maintenance/Logout/div_Selengkapnya' is clicked on

2020-02-27 10:56:12 - [TEST_STEP][PASSED] - delay(5): Delayed 5 second(s)

2020-02-27 10:56:17 - [MESSAGE][PASSED] - Delayed 5 second(s)

2020-02-27 10:56:17 - [TEST_STEP][PASSED] - click(findTestObject("Maintenance/Keluar/div_Keluar")): Object: 'Object Repository/Maintenance/Keluar/div_Keluar' is clicked on

2020-02-27 10:56:17 - [MESSAGE][PASSED] - Object: 'Object Repository/Maintenance/Keluar/div_Keluar' is clicked on

2020-02-27 10:56:17 - [TEST_STEP][PASSED] - closeBrowser(): Browser is closed

2020-02-27 10:56:24 - [MESSAGE][PASSED] - Browser is closed]]></system-out>
         <system-err><![CDATA[]]></system-err>
      </testcase>
      <testcase name="Test Cases/Maintenance 1" time="47.795" classname="Test Cases/Maintenance 1" status="PASSED">
         <system-out><![CDATA[2020-02-27 10:56:24 - [TEST_CASE][PASSED] - Test Cases/Maintenance 1: Test Cases/Maintenance 1

2020-02-27 10:56:24 - [TEST_STEP][PASSED] - openBrowser(""): Browser is opened with url: ''

2020-02-27 10:56:24 - [MESSAGE][INFO] - Starting 'Firefox' driver

2020-02-27 10:56:30 - [MESSAGE][PASSED] - Browser is opened with url: ''

2020-02-27 10:56:30 - [TEST_STEP][PASSED] - navigateToUrl("https://twitter.com"): Navigate to 'https://twitter.com' successfully

2020-02-27 10:56:36 - [MESSAGE][PASSED] - Navigate to 'https://twitter.com' successfully

2020-02-27 10:56:36 - [TEST_STEP][PASSED] - delay(5): Delayed 5 second(s)

2020-02-27 10:56:41 - [MESSAGE][PASSED] - Delayed 5 second(s)

2020-02-27 10:56:41 - [TEST_STEP][PASSED] - click(findTestObject("Maintenance/Halaman Awal/div_Log in")): Object: 'Object Repository/Maintenance/Halaman Awal/div_Log in' is clicked on

2020-02-27 10:56:42 - [MESSAGE][PASSED] - Object: 'Object Repository/Maintenance/Halaman Awal/div_Log in' is clicked on

2020-02-27 10:56:42 - [TEST_STEP][PASSED] - setText(findTestObject("Maintenance/Halaman Login/input_Phone email or username_sessionusername_or_email"), Username): Text 'firmanfeer' is set on object 'Object Repository/Maintenance/Halaman Login/input_Phone email or username_sessionusername_or_email'

2020-02-27 10:56:43 - [MESSAGE][PASSED] - Text 'firmanfeer' is set on object 'Object Repository/Maintenance/Halaman Login/input_Phone email or username_sessionusername_or_email'

2020-02-27 10:56:43 - [TEST_STEP][PASSED] - setText(findTestObject("Maintenance/Halaman Login/input_Password_sessionpassword"), Password): Text 'indraramdan123' is set on object 'Object Repository/Maintenance/Halaman Login/input_Password_sessionpassword'

2020-02-27 10:56:44 - [MESSAGE][PASSED] - Text 'indraramdan123' is set on object 'Object Repository/Maintenance/Halaman Login/input_Password_sessionpassword'

2020-02-27 10:56:44 - [TEST_STEP][PASSED] - click(findTestObject("Maintenance/Halaman Login/div_Log in")): Object: 'Object Repository/Maintenance/Halaman Login/div_Log in' is clicked on

2020-02-27 10:56:47 - [MESSAGE][PASSED] - Object: 'Object Repository/Maintenance/Halaman Login/div_Log in' is clicked on

2020-02-27 10:56:47 - [TEST_STEP][PASSED] - delay(10): Delayed 10 second(s)

2020-02-27 10:56:57 - [MESSAGE][PASSED] - Delayed 10 second(s)

2020-02-27 10:56:57 - [TEST_STEP][NOT_RUN] - scrollToPosition(0, 9): NOT_RUN: scrollToPosition(0, 9)

2020-02-27 10:56:57 - [MESSAGE][NOT_RUN] - NOT_RUN: scrollToPosition(0, 9)

2020-02-27 10:56:57 - [TEST_STEP][NOT_RUN] - delay(10): NOT_RUN: delay(10)

2020-02-27 10:56:57 - [MESSAGE][NOT_RUN] - NOT_RUN: delay(10)

2020-02-27 10:56:57 - [TEST_STEP][NOT_RUN] - scrollToPosition(0, 99): NOT_RUN: scrollToPosition(0, 99)

2020-02-27 10:56:57 - [MESSAGE][NOT_RUN] - NOT_RUN: scrollToPosition(0, 99)

2020-02-27 10:56:57 - [TEST_STEP][NOT_RUN] - delay(10): NOT_RUN: delay(10)

2020-02-27 10:56:57 - [MESSAGE][NOT_RUN] - NOT_RUN: delay(10)

2020-02-27 10:56:57 - [TEST_STEP][NOT_RUN] - scrollToPosition(0, 999): NOT_RUN: scrollToPosition(0, 999)

2020-02-27 10:56:57 - [MESSAGE][NOT_RUN] - NOT_RUN: scrollToPosition(0, 999)

2020-02-27 10:56:57 - [TEST_STEP][NOT_RUN] - delay(10): NOT_RUN: delay(10)

2020-02-27 10:56:57 - [MESSAGE][NOT_RUN] - NOT_RUN: delay(10)

2020-02-27 10:56:57 - [TEST_STEP][NOT_RUN] - scrollToPosition(0, 9999): NOT_RUN: scrollToPosition(0, 9999)

2020-02-27 10:56:57 - [MESSAGE][NOT_RUN] - NOT_RUN: scrollToPosition(0, 9999)

2020-02-27 10:56:57 - [TEST_STEP][NOT_RUN] - scrollToPosition(0, 0): NOT_RUN: scrollToPosition(0, 0)

2020-02-27 10:56:57 - [MESSAGE][NOT_RUN] - NOT_RUN: scrollToPosition(0, 0)

2020-02-27 10:56:57 - [TEST_STEP][NOT_RUN] - delay(5): NOT_RUN: delay(5)

2020-02-27 10:56:57 - [MESSAGE][NOT_RUN] - NOT_RUN: delay(5)

2020-02-27 10:56:57 - [TEST_STEP][NOT_RUN] - setText(findTestObject("Maintenance/Search Mutualan"), "mutualan rt"): NOT_RUN: setText(findTestObject("Maintenance/Search Mutualan"), "mutualan rt")

2020-02-27 10:56:57 - [MESSAGE][NOT_RUN] - NOT_RUN: setText(findTestObject("Maintenance/Search Mutualan"), "mutualan rt")

2020-02-27 10:56:57 - [TEST_STEP][NOT_RUN] - delay(5): NOT_RUN: delay(5)

2020-02-27 10:56:57 - [MESSAGE][NOT_RUN] - NOT_RUN: delay(5)

2020-02-27 10:56:57 - [TEST_STEP][NOT_RUN] - click(findTestObject("Maintenance/Klik Span Mutualan RT"), STOP_ON_FAILURE): NOT_RUN: click(findTestObject("Maintenance/Klik Span Mutualan RT"), STOP_ON_FAILURE)

2020-02-27 10:56:57 - [MESSAGE][NOT_RUN] - NOT_RUN: click(findTestObject("Maintenance/Klik Span Mutualan RT"), STOP_ON_FAILURE)

2020-02-27 10:56:57 - [TEST_STEP][NOT_RUN] - delay(20): NOT_RUN: delay(20)

2020-02-27 10:56:57 - [MESSAGE][NOT_RUN] - NOT_RUN: delay(20)

2020-02-27 10:56:57 - [TEST_STEP][NOT_RUN] - click(findTestObject("Maintenance/Klik Tweet Pertama Mutualan")): NOT_RUN: click(findTestObject("Maintenance/Klik Tweet Pertama Mutualan"))

2020-02-27 10:56:57 - [MESSAGE][NOT_RUN] - NOT_RUN: click(findTestObject("Maintenance/Klik Tweet Pertama Mutualan"))

2020-02-27 10:56:57 - [TEST_STEP][NOT_RUN] - delay(10): NOT_RUN: delay(10)

2020-02-27 10:56:57 - [MESSAGE][NOT_RUN] - NOT_RUN: delay(10)

2020-02-27 10:56:57 - [TEST_STEP][NOT_RUN] - click(findTestObject("Maintenance/Klik Retweet")): NOT_RUN: click(findTestObject("Maintenance/Klik Retweet"))

2020-02-27 10:56:57 - [MESSAGE][NOT_RUN] - NOT_RUN: click(findTestObject("Maintenance/Klik Retweet"))

2020-02-27 10:56:57 - [TEST_STEP][NOT_RUN] - delay(10): NOT_RUN: delay(10)

2020-02-27 10:56:57 - [MESSAGE][NOT_RUN] - NOT_RUN: delay(10)

2020-02-27 10:56:57 - [TEST_STEP][NOT_RUN] - click(findTestObject("Maintenance/Follow 1")): NOT_RUN: click(findTestObject("Maintenance/Follow 1"))

2020-02-27 10:56:57 - [MESSAGE][NOT_RUN] - NOT_RUN: click(findTestObject("Maintenance/Follow 1"))

2020-02-27 10:56:57 - [TEST_STEP][NOT_RUN] - delay(10): NOT_RUN: delay(10)

2020-02-27 10:56:57 - [MESSAGE][NOT_RUN] - NOT_RUN: delay(10)

2020-02-27 10:56:57 - [TEST_STEP][NOT_RUN] - click(findTestObject("Maintenance/Follow 2")): NOT_RUN: click(findTestObject("Maintenance/Follow 2"))

2020-02-27 10:56:57 - [MESSAGE][NOT_RUN] - NOT_RUN: click(findTestObject("Maintenance/Follow 2"))

2020-02-27 10:56:57 - [TEST_STEP][NOT_RUN] - delay(20): NOT_RUN: delay(20)

2020-02-27 10:56:57 - [MESSAGE][NOT_RUN] - NOT_RUN: delay(20)

2020-02-27 10:56:57 - [TEST_STEP][NOT_RUN] - click(findTestObject("Maintenance/Follow 3")): NOT_RUN: click(findTestObject("Maintenance/Follow 3"))

2020-02-27 10:56:57 - [MESSAGE][NOT_RUN] - NOT_RUN: click(findTestObject("Maintenance/Follow 3"))

2020-02-27 10:56:57 - [TEST_STEP][NOT_RUN] - delay(15): NOT_RUN: delay(15)

2020-02-27 10:56:57 - [MESSAGE][NOT_RUN] - NOT_RUN: delay(15)

2020-02-27 10:56:57 - [TEST_STEP][NOT_RUN] - click(findTestObject("Maintenance/Follow 4")): NOT_RUN: click(findTestObject("Maintenance/Follow 4"))

2020-02-27 10:56:57 - [MESSAGE][NOT_RUN] - NOT_RUN: click(findTestObject("Maintenance/Follow 4"))

2020-02-27 10:56:57 - [TEST_STEP][NOT_RUN] - delay(10): NOT_RUN: delay(10)

2020-02-27 10:56:57 - [MESSAGE][NOT_RUN] - NOT_RUN: delay(10)

2020-02-27 10:56:57 - [TEST_STEP][NOT_RUN] - click(findTestObject("Maintenance/Follow 5")): NOT_RUN: click(findTestObject("Maintenance/Follow 5"))

2020-02-27 10:56:57 - [MESSAGE][NOT_RUN] - NOT_RUN: click(findTestObject("Maintenance/Follow 5"))

2020-02-27 10:56:57 - [TEST_STEP][NOT_RUN] - delay(15): NOT_RUN: delay(15)

2020-02-27 10:56:57 - [MESSAGE][NOT_RUN] - NOT_RUN: delay(15)

2020-02-27 10:56:57 - [TEST_STEP][NOT_RUN] - click(findTestObject("Maintenance/Button Close")): NOT_RUN: click(findTestObject("Maintenance/Button Close"))

2020-02-27 10:56:57 - [MESSAGE][NOT_RUN] - NOT_RUN: click(findTestObject("Maintenance/Button Close"))

2020-02-27 10:56:57 - [TEST_STEP][NOT_RUN] - delay(5): NOT_RUN: delay(5)

2020-02-27 10:56:57 - [MESSAGE][NOT_RUN] - NOT_RUN: delay(5)

2020-02-27 10:56:57 - [TEST_STEP][NOT_RUN] - click(findTestObject("Maintenance/Button Home")): NOT_RUN: click(findTestObject("Maintenance/Button Home"))

2020-02-27 10:56:57 - [MESSAGE][NOT_RUN] - NOT_RUN: click(findTestObject("Maintenance/Button Home"))

2020-02-27 10:56:57 - [TEST_STEP][NOT_RUN] - delay(10): NOT_RUN: delay(10)

2020-02-27 10:56:57 - [MESSAGE][NOT_RUN] - NOT_RUN: delay(10)

2020-02-27 10:56:57 - [TEST_STEP][NOT_RUN] - click(findTestObject("Maintenance/Button Explore")): NOT_RUN: click(findTestObject("Maintenance/Button Explore"))

2020-02-27 10:56:57 - [MESSAGE][NOT_RUN] - NOT_RUN: click(findTestObject("Maintenance/Button Explore"))

2020-02-27 10:56:57 - [TEST_STEP][NOT_RUN] - delay(5): NOT_RUN: delay(5)

2020-02-27 10:56:57 - [MESSAGE][NOT_RUN] - NOT_RUN: delay(5)

2020-02-27 10:56:57 - [TEST_STEP][NOT_RUN] - click(findTestObject("Maintenance/Show More Hastag")): NOT_RUN: click(findTestObject("Maintenance/Show More Hastag"))

2020-02-27 10:56:57 - [MESSAGE][NOT_RUN] - NOT_RUN: click(findTestObject("Maintenance/Show More Hastag"))

2020-02-27 10:56:57 - [TEST_STEP][NOT_RUN] - delay(10): NOT_RUN: delay(10)

2020-02-27 10:56:57 - [MESSAGE][NOT_RUN] - NOT_RUN: delay(10)

2020-02-27 10:56:57 - [TEST_STEP][NOT_RUN] - scrollToPosition(0, 9): NOT_RUN: scrollToPosition(0, 9)

2020-02-27 10:56:57 - [MESSAGE][NOT_RUN] - NOT_RUN: scrollToPosition(0, 9)

2020-02-27 10:56:57 - [TEST_STEP][NOT_RUN] - delay(10): NOT_RUN: delay(10)

2020-02-27 10:56:57 - [MESSAGE][NOT_RUN] - NOT_RUN: delay(10)

2020-02-27 10:56:57 - [TEST_STEP][NOT_RUN] - scrollToPosition(0, 99): NOT_RUN: scrollToPosition(0, 99)

2020-02-27 10:56:57 - [MESSAGE][NOT_RUN] - NOT_RUN: scrollToPosition(0, 99)

2020-02-27 10:56:57 - [TEST_STEP][NOT_RUN] - delay(10): NOT_RUN: delay(10)

2020-02-27 10:56:57 - [MESSAGE][NOT_RUN] - NOT_RUN: delay(10)

2020-02-27 10:56:57 - [TEST_STEP][NOT_RUN] - scrollToPosition(0, 999): NOT_RUN: scrollToPosition(0, 999)

2020-02-27 10:56:57 - [MESSAGE][NOT_RUN] - NOT_RUN: scrollToPosition(0, 999)

2020-02-27 10:56:57 - [TEST_STEP][NOT_RUN] - delay(10): NOT_RUN: delay(10)

2020-02-27 10:56:57 - [MESSAGE][NOT_RUN] - NOT_RUN: delay(10)

2020-02-27 10:56:57 - [TEST_STEP][NOT_RUN] - scrollToPosition(0, 9999): NOT_RUN: scrollToPosition(0, 9999)

2020-02-27 10:56:57 - [MESSAGE][NOT_RUN] - NOT_RUN: scrollToPosition(0, 9999)

2020-02-27 10:56:57 - [TEST_STEP][NOT_RUN] - scrollToPosition(0, 0): NOT_RUN: scrollToPosition(0, 0)

2020-02-27 10:56:57 - [MESSAGE][NOT_RUN] - NOT_RUN: scrollToPosition(0, 0)

2020-02-27 10:56:57 - [TEST_STEP][NOT_RUN] - delay(5): NOT_RUN: delay(5)

2020-02-27 10:56:57 - [MESSAGE][NOT_RUN] - NOT_RUN: delay(5)

2020-02-27 10:56:57 - [TEST_STEP][NOT_RUN] - click(findTestObject("Maintenance/Button Notifikasi")): NOT_RUN: click(findTestObject("Maintenance/Button Notifikasi"))

2020-02-27 10:56:57 - [MESSAGE][NOT_RUN] - NOT_RUN: click(findTestObject("Maintenance/Button Notifikasi"))

2020-02-27 10:56:57 - [TEST_STEP][NOT_RUN] - delay(10): NOT_RUN: delay(10)

2020-02-27 10:56:57 - [MESSAGE][NOT_RUN] - NOT_RUN: delay(10)

2020-02-27 10:56:57 - [TEST_STEP][NOT_RUN] - click(findTestObject("Maintenance/Notification Mention")): NOT_RUN: click(findTestObject("Maintenance/Notification Mention"))

2020-02-27 10:56:57 - [MESSAGE][NOT_RUN] - NOT_RUN: click(findTestObject("Maintenance/Notification Mention"))

2020-02-27 10:56:57 - [TEST_STEP][NOT_RUN] - delay(10): NOT_RUN: delay(10)

2020-02-27 10:56:57 - [MESSAGE][NOT_RUN] - NOT_RUN: delay(10)

2020-02-27 10:56:57 - [TEST_STEP][NOT_RUN] - click(findTestObject("Maintenance/Button Message")): NOT_RUN: click(findTestObject("Maintenance/Button Message"))

2020-02-27 10:56:57 - [MESSAGE][NOT_RUN] - NOT_RUN: click(findTestObject("Maintenance/Button Message"))

2020-02-27 10:56:57 - [TEST_STEP][NOT_RUN] - delay(10): NOT_RUN: delay(10)

2020-02-27 10:56:57 - [MESSAGE][NOT_RUN] - NOT_RUN: delay(10)

2020-02-27 10:56:57 - [TEST_STEP][NOT_RUN] - click(findTestObject("Maintenance/Button List")): NOT_RUN: click(findTestObject("Maintenance/Button List"))

2020-02-27 10:56:57 - [MESSAGE][NOT_RUN] - NOT_RUN: click(findTestObject("Maintenance/Button List"))

2020-02-27 10:56:57 - [TEST_STEP][NOT_RUN] - delay(10): NOT_RUN: delay(10)

2020-02-27 10:56:57 - [MESSAGE][NOT_RUN] - NOT_RUN: delay(10)

2020-02-27 10:56:57 - [TEST_STEP][NOT_RUN] - click(findTestObject("Maintenance/List Subscribed")): NOT_RUN: click(findTestObject("Maintenance/List Subscribed"))

2020-02-27 10:56:57 - [MESSAGE][NOT_RUN] - NOT_RUN: click(findTestObject("Maintenance/List Subscribed"))

2020-02-27 10:56:57 - [TEST_STEP][NOT_RUN] - delay(10): NOT_RUN: delay(10)

2020-02-27 10:56:57 - [MESSAGE][NOT_RUN] - NOT_RUN: delay(10)

2020-02-27 10:56:57 - [TEST_STEP][NOT_RUN] - click(findTestObject("Maintenance/List Member")): NOT_RUN: click(findTestObject("Maintenance/List Member"))

2020-02-27 10:56:57 - [MESSAGE][NOT_RUN] - NOT_RUN: click(findTestObject("Maintenance/List Member"))

2020-02-27 10:56:57 - [TEST_STEP][NOT_RUN] - delay(10): NOT_RUN: delay(10)

2020-02-27 10:56:57 - [MESSAGE][NOT_RUN] - NOT_RUN: delay(10)

2020-02-27 10:56:57 - [TEST_STEP][NOT_RUN] - click(findTestObject("Maintenance/Button Profile")): NOT_RUN: click(findTestObject("Maintenance/Button Profile"))

2020-02-27 10:56:57 - [MESSAGE][NOT_RUN] - NOT_RUN: click(findTestObject("Maintenance/Button Profile"))

2020-02-27 10:56:57 - [TEST_STEP][NOT_RUN] - delay(10): NOT_RUN: delay(10)

2020-02-27 10:56:57 - [MESSAGE][NOT_RUN] - NOT_RUN: delay(10)

2020-02-27 10:56:57 - [TEST_STEP][NOT_RUN] - click(findTestObject("Maintenance/Tweet and Replies")): NOT_RUN: click(findTestObject("Maintenance/Tweet and Replies"))

2020-02-27 10:56:57 - [MESSAGE][NOT_RUN] - NOT_RUN: click(findTestObject("Maintenance/Tweet and Replies"))

2020-02-27 10:56:57 - [TEST_STEP][NOT_RUN] - delay(10): NOT_RUN: delay(10)

2020-02-27 10:56:57 - [MESSAGE][NOT_RUN] - NOT_RUN: delay(10)

2020-02-27 10:56:57 - [TEST_STEP][NOT_RUN] - click(findTestObject("Maintenance/Profile - Media")): NOT_RUN: click(findTestObject("Maintenance/Profile - Media"))

2020-02-27 10:56:57 - [MESSAGE][NOT_RUN] - NOT_RUN: click(findTestObject("Maintenance/Profile - Media"))

2020-02-27 10:56:57 - [TEST_STEP][NOT_RUN] - delay(10): NOT_RUN: delay(10)

2020-02-27 10:56:57 - [MESSAGE][NOT_RUN] - NOT_RUN: delay(10)

2020-02-27 10:56:57 - [TEST_STEP][NOT_RUN] - click(findTestObject("Maintenance/Profile - Likes")): NOT_RUN: click(findTestObject("Maintenance/Profile - Likes"))

2020-02-27 10:56:57 - [MESSAGE][NOT_RUN] - NOT_RUN: click(findTestObject("Maintenance/Profile - Likes"))

2020-02-27 10:56:57 - [TEST_STEP][NOT_RUN] - delay(10): NOT_RUN: delay(10)

2020-02-27 10:56:57 - [MESSAGE][NOT_RUN] - NOT_RUN: delay(10)

2020-02-27 10:56:57 - [TEST_STEP][NOT_RUN] - click(findTestObject("Maintenance/Button Home")): NOT_RUN: click(findTestObject("Maintenance/Button Home"))

2020-02-27 10:56:57 - [MESSAGE][NOT_RUN] - NOT_RUN: click(findTestObject("Maintenance/Button Home"))

2020-02-27 10:56:57 - [TEST_STEP][NOT_RUN] - delay(10): NOT_RUN: delay(10)

2020-02-27 10:56:57 - [MESSAGE][NOT_RUN] - NOT_RUN: delay(10)

2020-02-27 10:56:57 - [TEST_STEP][NOT_RUN] - click(findTestObject("Maintenance/Logout/div_Selengkapnya")): NOT_RUN: click(findTestObject("Maintenance/Logout/div_Selengkapnya"))

2020-02-27 10:56:57 - [MESSAGE][NOT_RUN] - NOT_RUN: click(findTestObject("Maintenance/Logout/div_Selengkapnya"))

2020-02-27 10:56:57 - [TEST_STEP][NOT_RUN] - click(findTestObject("Maintenance/Setting and Privacy")): NOT_RUN: click(findTestObject("Maintenance/Setting and Privacy"))

2020-02-27 10:56:57 - [MESSAGE][NOT_RUN] - NOT_RUN: click(findTestObject("Maintenance/Setting and Privacy"))

2020-02-27 10:56:57 - [TEST_STEP][NOT_RUN] - delay(10): NOT_RUN: delay(10)

2020-02-27 10:56:57 - [MESSAGE][NOT_RUN] - NOT_RUN: delay(10)

2020-02-27 10:56:57 - [TEST_STEP][NOT_RUN] - click(findTestObject("Maintenance/Setting - Privacy and safety")): NOT_RUN: click(findTestObject("Maintenance/Setting - Privacy and safety"))

[...]
2020-02-27 11:01:20 - [TEST_STEP][PASSED] - click(findTestObject("Maintenance/Halaman Awal/div_Log in")): Object: 'Object Repository/Maintenance/Halaman Awal/div_Log in' is clicked on

2020-02-27 11:01:21 - [MESSAGE][PASSED] - Object: 'Object Repository/Maintenance/Halaman Awal/div_Log in' is clicked on

2020-02-27 11:01:21 - [TEST_STEP][PASSED] - setText(findTestObject("Maintenance/Halaman Login/input_Phone email or username_sessionusername_or_email"), Username): Text 'asepbalonnn' is set on object 'Object Repository/Maintenance/Halaman Login/input_Phone email or username_sessionusername_or_email'

2020-02-27 11:01:22 - [MESSAGE][PASSED] - Text 'asepbalonnn' is set on object 'Object Repository/Maintenance/Halaman Login/input_Phone email or username_sessionusername_or_email'

2020-02-27 11:01:22 - [TEST_STEP][PASSED] - setText(findTestObject("Maintenance/Halaman Login/input_Password_sessionpassword"), Password): Text 'indraramdan123' is set on object 'Object Repository/Maintenance/Halaman Login/input_Password_sessionpassword'

2020-02-27 11:01:23 - [MESSAGE][PASSED] - Text 'indraramdan123' is set on object 'Object Repository/Maintenance/Halaman Login/input_Password_sessionpassword'

2020-02-27 11:01:23 - [TEST_STEP][PASSED] - click(findTestObject("Maintenance/Halaman Login/div_Log in")): Object: 'Object Repository/Maintenance/Halaman Login/div_Log in' is clicked on

2020-02-27 11:01:26 - [MESSAGE][PASSED] - Object: 'Object Repository/Maintenance/Halaman Login/div_Log in' is clicked on

2020-02-27 11:01:26 - [TEST_STEP][PASSED] - delay(10): Delayed 10 second(s)

2020-02-27 11:01:36 - [MESSAGE][PASSED] - Delayed 10 second(s)

2020-02-27 11:01:36 - [TEST_STEP][NOT_RUN] - scrollToPosition(0, 9): NOT_RUN: scrollToPosition(0, 9)

2020-02-27 11:01:36 - [MESSAGE][NOT_RUN] - NOT_RUN: scrollToPosition(0, 9)

2020-02-27 11:01:36 - [TEST_STEP][NOT_RUN] - delay(10): NOT_RUN: delay(10)

2020-02-27 11:01:36 - [MESSAGE][NOT_RUN] - NOT_RUN: delay(10)

2020-02-27 11:01:36 - [TEST_STEP][NOT_RUN] - scrollToPosition(0, 99): NOT_RUN: scrollToPosition(0, 99)

2020-02-27 11:01:36 - [MESSAGE][NOT_RUN] - NOT_RUN: scrollToPosition(0, 99)

2020-02-27 11:01:36 - [TEST_STEP][NOT_RUN] - delay(10): NOT_RUN: delay(10)

2020-02-27 11:01:36 - [MESSAGE][NOT_RUN] - NOT_RUN: delay(10)

2020-02-27 11:01:36 - [TEST_STEP][NOT_RUN] - scrollToPosition(0, 999): NOT_RUN: scrollToPosition(0, 999)

2020-02-27 11:01:36 - [MESSAGE][NOT_RUN] - NOT_RUN: scrollToPosition(0, 999)

2020-02-27 11:01:36 - [TEST_STEP][NOT_RUN] - delay(10): NOT_RUN: delay(10)

2020-02-27 11:01:36 - [MESSAGE][NOT_RUN] - NOT_RUN: delay(10)

2020-02-27 11:01:36 - [TEST_STEP][NOT_RUN] - scrollToPosition(0, 9999): NOT_RUN: scrollToPosition(0, 9999)

2020-02-27 11:01:36 - [MESSAGE][NOT_RUN] - NOT_RUN: scrollToPosition(0, 9999)

2020-02-27 11:01:36 - [TEST_STEP][NOT_RUN] - scrollToPosition(0, 0): NOT_RUN: scrollToPosition(0, 0)

2020-02-27 11:01:36 - [MESSAGE][NOT_RUN] - NOT_RUN: scrollToPosition(0, 0)

2020-02-27 11:01:36 - [TEST_STEP][NOT_RUN] - delay(5): NOT_RUN: delay(5)

2020-02-27 11:01:36 - [MESSAGE][NOT_RUN] - NOT_RUN: delay(5)

2020-02-27 11:01:36 - [TEST_STEP][NOT_RUN] - setText(findTestObject("Maintenance/Search Mutualan"), "mutualan rt"): NOT_RUN: setText(findTestObject("Maintenance/Search Mutualan"), "mutualan rt")

2020-02-27 11:01:36 - [MESSAGE][NOT_RUN] - NOT_RUN: setText(findTestObject("Maintenance/Search Mutualan"), "mutualan rt")

2020-02-27 11:01:36 - [TEST_STEP][NOT_RUN] - delay(5): NOT_RUN: delay(5)

2020-02-27 11:01:36 - [MESSAGE][NOT_RUN] - NOT_RUN: delay(5)

2020-02-27 11:01:36 - [TEST_STEP][NOT_RUN] - click(findTestObject("Maintenance/Klik Span Mutualan RT"), STOP_ON_FAILURE): NOT_RUN: click(findTestObject("Maintenance/Klik Span Mutualan RT"), STOP_ON_FAILURE)

2020-02-27 11:01:36 - [MESSAGE][NOT_RUN] - NOT_RUN: click(findTestObject("Maintenance/Klik Span Mutualan RT"), STOP_ON_FAILURE)

2020-02-27 11:01:36 - [TEST_STEP][NOT_RUN] - delay(20): NOT_RUN: delay(20)

2020-02-27 11:01:36 - [MESSAGE][NOT_RUN] - NOT_RUN: delay(20)

2020-02-27 11:01:36 - [TEST_STEP][NOT_RUN] - click(findTestObject("Maintenance/Klik Tweet Pertama Mutualan")): NOT_RUN: click(findTestObject("Maintenance/Klik Tweet Pertama Mutualan"))

2020-02-27 11:01:36 - [MESSAGE][NOT_RUN] - NOT_RUN: click(findTestObject("Maintenance/Klik Tweet Pertama Mutualan"))

2020-02-27 11:01:36 - [TEST_STEP][NOT_RUN] - delay(10): NOT_RUN: delay(10)

2020-02-27 11:01:36 - [MESSAGE][NOT_RUN] - NOT_RUN: delay(10)

2020-02-27 11:01:36 - [TEST_STEP][NOT_RUN] - click(findTestObject("Maintenance/Klik Retweet")): NOT_RUN: click(findTestObject("Maintenance/Klik Retweet"))

2020-02-27 11:01:36 - [MESSAGE][NOT_RUN] - NOT_RUN: click(findTestObject("Maintenance/Klik Retweet"))

2020-02-27 11:01:36 - [TEST_STEP][NOT_RUN] - delay(10): NOT_RUN: delay(10)

2020-02-27 11:01:36 - [MESSAGE][NOT_RUN] - NOT_RUN: delay(10)

2020-02-27 11:01:36 - [TEST_STEP][NOT_RUN] - click(findTestObject("Maintenance/Follow 1")): NOT_RUN: click(findTestObject("Maintenance/Follow 1"))

2020-02-27 11:01:36 - [MESSAGE][NOT_RUN] - NOT_RUN: click(findTestObject("Maintenance/Follow 1"))

2020-02-27 11:01:36 - [TEST_STEP][NOT_RUN] - delay(10): NOT_RUN: delay(10)

2020-02-27 11:01:36 - [MESSAGE][NOT_RUN] - NOT_RUN: delay(10)

2020-02-27 11:01:36 - [TEST_STEP][NOT_RUN] - click(findTestObject("Maintenance/Follow 2")): NOT_RUN: click(findTestObject("Maintenance/Follow 2"))

2020-02-27 11:01:36 - [MESSAGE][NOT_RUN] - NOT_RUN: click(findTestObject("Maintenance/Follow 2"))

2020-02-27 11:01:36 - [TEST_STEP][NOT_RUN] - delay(20): NOT_RUN: delay(20)

2020-02-27 11:01:36 - [MESSAGE][NOT_RUN] - NOT_RUN: delay(20)

2020-02-27 11:01:36 - [TEST_STEP][NOT_RUN] - click(findTestObject("Maintenance/Follow 3")): NOT_RUN: click(findTestObject("Maintenance/Follow 3"))

2020-02-27 11:01:36 - [MESSAGE][NOT_RUN] - NOT_RUN: click(findTestObject("Maintenance/Follow 3"))

2020-02-27 11:01:36 - [TEST_STEP][NOT_RUN] - delay(15): NOT_RUN: delay(15)

2020-02-27 11:01:36 - [MESSAGE][NOT_RUN] - NOT_RUN: delay(15)

2020-02-27 11:01:36 - [TEST_STEP][NOT_RUN] - click(findTestObject("Maintenance/Follow 4")): NOT_RUN: click(findTestObject("Maintenance/Follow 4"))

2020-02-27 11:01:36 - [MESSAGE][NOT_RUN] - NOT_RUN: click(findTestObject("Maintenance/Follow 4"))

2020-02-27 11:01:36 - [TEST_STEP][NOT_RUN] - delay(10): NOT_RUN: delay(10)

2020-02-27 11:01:36 - [MESSAGE][NOT_RUN] - NOT_RUN: delay(10)

2020-02-27 11:01:36 - [TEST_STEP][NOT_RUN] - click(findTestObject("Maintenance/Follow 5")): NOT_RUN: click(findTestObject("Maintenance/Follow 5"))

2020-02-27 11:01:36 - [MESSAGE][NOT_RUN] - NOT_RUN: click(findTestObject("Maintenance/Follow 5"))

2020-02-27 11:01:36 - [TEST_STEP][NOT_RUN] - delay(15): NOT_RUN: delay(15)

2020-02-27 11:01:36 - [MESSAGE][NOT_RUN] - NOT_RUN: delay(15)

2020-02-27 11:01:36 - [TEST_STEP][NOT_RUN] - click(findTestObject("Maintenance/Button Close")): NOT_RUN: click(findTestObject("Maintenance/Button Close"))

2020-02-27 11:01:36 - [MESSAGE][NOT_RUN] - NOT_RUN: click(findTestObject("Maintenance/Button Close"))

2020-02-27 11:01:36 - [TEST_STEP][NOT_RUN] - delay(5): NOT_RUN: delay(5)

2020-02-27 11:01:36 - [MESSAGE][NOT_RUN] - NOT_RUN: delay(5)

2020-02-27 11:01:36 - [TEST_STEP][NOT_RUN] - click(findTestObject("Maintenance/Button Home")): NOT_RUN: click(findTestObject("Maintenance/Button Home"))

2020-02-27 11:01:36 - [MESSAGE][NOT_RUN] - NOT_RUN: click(findTestObject("Maintenance/Button Home"))

2020-02-27 11:01:36 - [TEST_STEP][NOT_RUN] - delay(10): NOT_RUN: delay(10)

2020-02-27 11:01:36 - [MESSAGE][NOT_RUN] - NOT_RUN: delay(10)

2020-02-27 11:01:36 - [TEST_STEP][NOT_RUN] - click(findTestObject("Maintenance/Button Explore")): NOT_RUN: click(findTestObject("Maintenance/Button Explore"))

2020-02-27 11:01:36 - [MESSAGE][NOT_RUN] - NOT_RUN: click(findTestObject("Maintenance/Button Explore"))

2020-02-27 11:01:36 - [TEST_STEP][NOT_RUN] - delay(5): NOT_RUN: delay(5)

2020-02-27 11:01:36 - [MESSAGE][NOT_RUN] - NOT_RUN: delay(5)

2020-02-27 11:01:36 - [TEST_STEP][NOT_RUN] - click(findTestObject("Maintenance/Show More Hastag")): NOT_RUN: click(findTestObject("Maintenance/Show More Hastag"))

2020-02-27 11:01:36 - [MESSAGE][NOT_RUN] - NOT_RUN: click(findTestObject("Maintenance/Show More Hastag"))

2020-02-27 11:01:36 - [TEST_STEP][NOT_RUN] - delay(10): NOT_RUN: delay(10)

2020-02-27 11:01:36 - [MESSAGE][NOT_RUN] - NOT_RUN: delay(10)

2020-02-27 11:01:36 - [TEST_STEP][NOT_RUN] - scrollToPosition(0, 9): NOT_RUN: scrollToPosition(0, 9)

2020-02-27 11:01:36 - [MESSAGE][NOT_RUN] - NOT_RUN: scrollToPosition(0, 9)

2020-02-27 11:01:36 - [TEST_STEP][NOT_RUN] - delay(10): NOT_RUN: delay(10)

2020-02-27 11:01:36 - [MESSAGE][NOT_RUN] - NOT_RUN: delay(10)

2020-02-27 11:01:36 - [TEST_STEP][NOT_RUN] - scrollToPosition(0, 99): NOT_RUN: scrollToPosition(0, 99)

2020-02-27 11:01:36 - [MESSAGE][NOT_RUN] - NOT_RUN: scrollToPosition(0, 99)

2020-02-27 11:01:36 - [TEST_STEP][NOT_RUN] - delay(10): NOT_RUN: delay(10)

2020-02-27 11:01:36 - [MESSAGE][NOT_RUN] - NOT_RUN: delay(10)

2020-02-27 11:01:36 - [TEST_STEP][NOT_RUN] - scrollToPosition(0, 999): NOT_RUN: scrollToPosition(0, 999)

2020-02-27 11:01:36 - [MESSAGE][NOT_RUN] - NOT_RUN: scrollToPosition(0, 999)

2020-02-27 11:01:36 - [TEST_STEP][NOT_RUN] - delay(10): NOT_RUN: delay(10)

2020-02-27 11:01:36 - [MESSAGE][NOT_RUN] - NOT_RUN: delay(10)

2020-02-27 11:01:36 - [TEST_STEP][NOT_RUN] - scrollToPosition(0, 9999): NOT_RUN: scrollToPosition(0, 9999)

2020-02-27 11:01:36 - [MESSAGE][NOT_RUN] - NOT_RUN: scrollToPosition(0, 9999)

2020-02-27 11:01:36 - [TEST_STEP][NOT_RUN] - scrollToPosition(0, 0): NOT_RUN: scrollToPosition(0, 0)

2020-02-27 11:01:36 - [MESSAGE][NOT_RUN] - NOT_RUN: scrollToPosition(0, 0)

2020-02-27 11:01:36 - [TEST_STEP][NOT_RUN] - delay(5): NOT_RUN: delay(5)

2020-02-27 11:01:36 - [MESSAGE][NOT_RUN] - NOT_RUN: delay(5)

2020-02-27 11:01:36 - [TEST_STEP][NOT_RUN] - click(findTestObject("Maintenance/Button Notifikasi")): NOT_RUN: click(findTestObject("Maintenance/Button Notifikasi"))

2020-02-27 11:01:36 - [MESSAGE][NOT_RUN] - NOT_RUN: click(findTestObject("Maintenance/Button Notifikasi"))

2020-02-27 11:01:36 - [TEST_STEP][NOT_RUN] - delay(10): NOT_RUN: delay(10)

2020-02-27 11:01:36 - [MESSAGE][NOT_RUN] - NOT_RUN: delay(10)

2020-02-27 11:01:36 - [TEST_STEP][NOT_RUN] - click(findTestObject("Maintenance/Notification Mention")): NOT_RUN: click(findTestObject("Maintenance/Notification Mention"))

2020-02-27 11:01:36 - [MESSAGE][NOT_RUN] - NOT_RUN: click(findTestObject("Maintenance/Notification Mention"))

2020-02-27 11:01:36 - [TEST_STEP][NOT_RUN] - delay(10): NOT_RUN: delay(10)

2020-02-27 11:01:36 - [MESSAGE][NOT_RUN] - NOT_RUN: delay(10)

2020-02-27 11:01:36 - [TEST_STEP][NOT_RUN] - click(findTestObject("Maintenance/Button Message")): NOT_RUN: click(findTestObject("Maintenance/Button Message"))

2020-02-27 11:01:36 - [MESSAGE][NOT_RUN] - NOT_RUN: click(findTestObject("Maintenance/Button Message"))

2020-02-27 11:01:36 - [TEST_STEP][NOT_RUN] - delay(10): NOT_RUN: delay(10)

2020-02-27 11:01:36 - [MESSAGE][NOT_RUN] - NOT_RUN: delay(10)

2020-02-27 11:01:36 - [TEST_STEP][NOT_RUN] - click(findTestObject("Maintenance/Button List")): NOT_RUN: click(findTestObject("Maintenance/Button List"))

2020-02-27 11:01:36 - [MESSAGE][NOT_RUN] - NOT_RUN: click(findTestObject("Maintenance/Button List"))

2020-02-27 11:01:36 - [TEST_STEP][NOT_RUN] - delay(10): NOT_RUN: delay(10)

2020-02-27 11:01:36 - [MESSAGE][NOT_RUN] - NOT_RUN: delay(10)

2020-02-27 11:01:36 - [TEST_STEP][NOT_RUN] - click(findTestObject("Maintenance/List Subscribed")): NOT_RUN: click(findTestObject("Maintenance/List Subscribed"))

2020-02-27 11:01:36 - [MESSAGE][NOT_RUN] - NOT_RUN: click(findTestObject("Maintenance/List Subscribed"))

2020-02-27 11:01:36 - [TEST_STEP][NOT_RUN] - delay(10): NOT_RUN: delay(10)

2020-02-27 11:01:36 - [MESSAGE][NOT_RUN] - NOT_RUN: delay(10)

2020-02-27 11:01:36 - [TEST_STEP][NOT_RUN] - click(findTestObject("Maintenance/List Member")): NOT_RUN: click(findTestObject("Maintenance/List Member"))

2020-02-27 11:01:36 - [MESSAGE][NOT_RUN] - NOT_RUN: click(findTestObject("Maintenance/List Member"))

2020-02-27 11:01:36 - [TEST_STEP][NOT_RUN] - delay(10): NOT_RUN: delay(10)

2020-02-27 11:01:36 - [MESSAGE][NOT_RUN] - NOT_RUN: delay(10)

2020-02-27 11:01:36 - [TEST_STEP][NOT_RUN] - click(findTestObject("Maintenance/Button Profile")): NOT_RUN: click(findTestObject("Maintenance/Button Profile"))

2020-02-27 11:01:36 - [MESSAGE][NOT_RUN] - NOT_RUN: click(findTestObject("Maintenance/Button Profile"))

2020-02-27 11:01:36 - [TEST_STEP][NOT_RUN] - delay(10): NOT_RUN: delay(10)

2020-02-27 11:01:36 - [MESSAGE][NOT_RUN] - NOT_RUN: delay(10)

2020-02-27 11:01:36 - [TEST_STEP][NOT_RUN] - click(findTestObject("Maintenance/Tweet and Replies")): NOT_RUN: click(findTestObject("Maintenance/Tweet and Replies"))

2020-02-27 11:01:36 - [MESSAGE][NOT_RUN] - NOT_RUN: click(findTestObject("Maintenance/Tweet and Replies"))

2020-02-27 11:01:36 - [TEST_STEP][NOT_RUN] - delay(10): NOT_RUN: delay(10)

2020-02-27 11:01:36 - [MESSAGE][NOT_RUN] - NOT_RUN: delay(10)

2020-02-27 11:01:36 - [TEST_STEP][NOT_RUN] - click(findTestObject("Maintenance/Profile - Media")): NOT_RUN: click(findTestObject("Maintenance/Profile - Media"))

2020-02-27 11:01:36 - [MESSAGE][NOT_RUN] - NOT_RUN: click(findTestObject("Maintenance/Profile - Media"))

2020-02-27 11:01:36 - [TEST_STEP][NOT_RUN] - delay(10): NOT_RUN: delay(10)

2020-02-27 11:01:36 - [MESSAGE][NOT_RUN] - NOT_RUN: delay(10)

2020-02-27 11:01:36 - [TEST_STEP][NOT_RUN] - click(findTestObject("Maintenance/Profile - Likes")): NOT_RUN: click(findTestObject("Maintenance/Profile - Likes"))

2020-02-27 11:01:36 - [MESSAGE][NOT_RUN] - NOT_RUN: click(findTestObject("Maintenance/Profile - Likes"))

2020-02-27 11:01:36 - [TEST_STEP][NOT_RUN] - delay(10): NOT_RUN: delay(10)

2020-02-27 11:01:36 - [MESSAGE][NOT_RUN] - NOT_RUN: delay(10)

2020-02-27 11:01:36 - [TEST_STEP][NOT_RUN] - click(findTestObject("Maintenance/Button Home")): NOT_RUN: click(findTestObject("Maintenance/Button Home"))

2020-02-27 11:01:36 - [MESSAGE][NOT_RUN] - NOT_RUN: click(findTestObject("Maintenance/Button Home"))

2020-02-27 11:01:36 - [TEST_STEP][NOT_RUN] - delay(10): NOT_RUN: delay(10)

2020-02-27 11:01:36 - [MESSAGE][NOT_RUN] - NOT_RUN: delay(10)

2020-02-27 11:01:36 - [TEST_STEP][NOT_RUN] - click(findTestObject("Maintenance/Logout/div_Selengkapnya")): NOT_RUN: click(findTestObject("Maintenance/Logout/div_Selengkapnya"))

2020-02-27 11:01:36 - [MESSAGE][NOT_RUN] - NOT_RUN: click(findTestObject("Maintenance/Logout/div_Selengkapnya"))

2020-02-27 11:01:36 - [TEST_STEP][NOT_RUN] - click(findTestObject("Maintenance/Setting and Privacy")): NOT_RUN: click(findTestObject("Maintenance/Setting and Privacy"))

2020-02-27 11:01:36 - [MESSAGE][NOT_RUN] - NOT_RUN: click(findTestObject("Maintenance/Setting and Privacy"))

2020-02-27 11:01:36 - [TEST_STEP][NOT_RUN] - delay(10): NOT_RUN: delay(10)

2020-02-27 11:01:36 - [MESSAGE][NOT_RUN] - NOT_RUN: delay(10)

2020-02-27 11:01:36 - [TEST_STEP][NOT_RUN] - click(findTestObject("Maintenance/Setting - Privacy and safety")): NOT_RUN: click(findTestObject("Maintenance/Setting - Privacy and safety"))

2020-02-27 11:01:36 - [MESSAGE][NOT_RUN] - NOT_RUN: click(findTestObject("Maintenance/Setting - Privacy and safety"))

2020-02-27 11:01:36 - [TEST_STEP][NOT_RUN] - delay(10): NOT_RUN: delay(10)

2020-02-27 11:01:36 - [MESSAGE][NOT_RUN] - NOT_RUN: delay(10)

2020-02-27 11:01:36 - [TEST_STEP][NOT_RUN] - click(findTestObject("Maintenance/Setting - Notification")): NOT_RUN: click(findTestObject("Maintenance/Setting - Notification"))

2020-02-27 11:01:36 - [MESSAGE][NOT_RUN] - NOT_RUN: click(findTestObject("Maintenance/Setting - Notification"))

2020-02-27 11:01:36 - [TEST_STEP][NOT_RUN] - delay(10): NOT_RUN: delay(10)

2020-02-27 11:01:36 - [MESSAGE][NOT_RUN] - NOT_RUN: delay(10)

2020-02-27 11:01:36 - [TEST_STEP][NOT_RUN] - click(findTestObject("Maintenance/Setting - Content preferences")): NOT_RUN: click(findTestObject("Maintenance/Setting - Content preferences"))

2020-02-27 11:01:36 - [MESSAGE][NOT_RUN] - NOT_RUN: click(findTestObject("Maintenance/Setting - Content preferences"))

2020-02-27 11:01:36 - [TEST_STEP][NOT_RUN] - delay(10): NOT_RUN: delay(10)

2020-02-27 11:01:36 - [MESSAGE][NOT_RUN] - NOT_RUN: delay(10)

2020-02-27 11:01:36 - [TEST_STEP][NOT_RUN] - click(findTestObject("Maintenance/Setting - Display")): NOT_RUN: click(findTestObject("Maintenance/Setting - Display"))

2020-02-27 11:01:36 - [MESSAGE][NOT_RUN] - NOT_RUN: click(findTestObject("Maintenance/Setting - Display"))

2020-02-27 11:01:36 - [TEST_STEP][NOT_RUN] - delay(10): NOT_RUN: delay(10)

2020-02-27 11:01:36 - [MESSAGE][NOT_RUN] - NOT_RUN: delay(10)

2020-02-27 11:01:36 - [TEST_STEP][NOT_RUN] - click(findTestObject("Maintenance/Setting - Data Usage")): NOT_RUN: click(findTestObject("Maintenance/Setting - Data Usage"))

2020-02-27 11:01:36 - [MESSAGE][NOT_RUN] - NOT_RUN: click(findTestObject("Maintenance/Setting - Data Usage"))

2020-02-27 11:01:36 - [TEST_STEP][NOT_RUN] - delay(10): NOT_RUN: delay(10)

2020-02-27 11:01:36 - [MESSAGE][NOT_RUN] - NOT_RUN: delay(10)

2020-02-27 11:01:36 - [TEST_STEP][NOT_RUN] - click(findTestObject("Maintenance/Setting - Accessibility")): NOT_RUN: click(findTestObject("Maintenance/Setting - Accessibility"))

2020-02-27 11:01:36 - [MESSAGE][NOT_RUN] - NOT_RUN: click(findTestObject("Maintenance/Setting - Accessibility"))

2020-02-27 11:01:36 - [TEST_STEP][NOT_RUN] - delay(10): NOT_RUN: delay(10)

2020-02-27 11:01:36 - [MESSAGE][NOT_RUN] - NOT_RUN: delay(10)

2020-02-27 11:01:36 - [TEST_STEP][NOT_RUN] - click(findTestObject("Maintenance/Setting - About Twitter")): NOT_RUN: click(findTestObject("Maintenance/Setting - About Twitter"))

2020-02-27 11:01:36 - [MESSAGE][NOT_RUN] - NOT_RUN: click(findTestObject("Maintenance/Setting - About Twitter"))

2020-02-27 11:01:36 - [TEST_STEP][NOT_RUN] - delay(10): NOT_RUN: delay(10)

2020-02-27 11:01:36 - [MESSAGE][NOT_RUN] - NOT_RUN: delay(10)

2020-02-27 11:01:36 - [TEST_STEP][NOT_RUN] - click(findTestObject("Maintenance/Button Home")): NOT_RUN: click(findTestObject("Maintenance/Button Home"))

2020-02-27 11:01:36 - [MESSAGE][NOT_RUN] - NOT_RUN: click(findTestObject("Maintenance/Button Home"))

2020-02-27 11:01:36 - [TEST_STEP][NOT_RUN] - delay(15): NOT_RUN: delay(15)

2020-02-27 11:01:36 - [MESSAGE][NOT_RUN] - NOT_RUN: delay(15)

2020-02-27 11:01:36 - [TEST_STEP][PASSED] - click(findTestObject("Maintenance/Logout/div_Selengkapnya")): Object: 'Object Repository/Maintenance/Logout/div_Selengkapnya' is clicked on

2020-02-27 11:01:36 - [MESSAGE][PASSED] - Object: 'Object Repository/Maintenance/Logout/div_Selengkapnya' is clicked on

2020-02-27 11:01:36 - [TEST_STEP][PASSED] - delay(5): Delayed 5 second(s)

2020-02-27 11:01:41 - [MESSAGE][PASSED] - Delayed 5 second(s)

2020-02-27 11:01:41 - [TEST_STEP][PASSED] - click(findTestObject("Maintenance/Keluar/div_Keluar")): Object: 'Object Repository/Maintenance/Keluar/div_Keluar' is clicked on

2020-02-27 11:01:42 - [MESSAGE][PASSED] - Object: 'Object Repository/Maintenance/Keluar/div_Keluar' is clicked on

2020-02-27 11:01:42 - [TEST_STEP][PASSED] - closeBrowser(): Browser is closed

2020-02-27 11:01:51 - [MESSAGE][PASSED] - Browser is closed]]></system-out>
         <system-err><![CDATA[]]></system-err>
      </testcase>
      <system-out><![CDATA[2020-02-27 10:54:00 - [TEST_SUITE][PASSED] - Maintenance: Test Cases/Maintenance 1]]></system-out>
      <system-err><![CDATA[]]></system-err>
   </testsuite>
</testsuites>
